<?xml version="1.0" encoding="UTF-8"?>
<testsuite xmlns:xsi="http://www.w3.org/2001/XMLSchema-instance" xsi:noNamespaceSchemaLocation="https://maven.apache.org/surefire/maven-surefire-plugin/xsd/surefire-test-report-3.0.xsd" version="3.0" name="TestSuite" time="142.816" tests="3" errors="0" skipped="0" failures="0">
  <properties>
    <property name="sun.desktop" value="windows"/>
    <property name="awt.toolkit" value="sun.awt.windows.WToolkit"/>
    <property name="file.encoding.pkg" value="sun.io"/>
    <property name="java.specification.version" value="1.8"/>
    <property name="webdriver.chrome.driver" value="C:\Users\anurag.chaturvedi\.cache\selenium\chromedriver\win32\114.0.5735.90\chromedriver.exe"/>
    <property name="sun.cpu.isalist" value="amd64"/>
    <property name="sun.jnu.encoding" value="Cp1252"/>
    <property name="java.class.path" value="C:\Users\anurag.chaturvedi\Documents\shop-automation\telus-manage-dormant\target\test-classes;C:\Users\anurag.chaturvedi\Documents\shop-automation\telus-manage-dormant\target\classes;C:\Users\anurag.chaturvedi\.m2\repository\org\seleniumhq\selenium\selenium-java\4.3.0\selenium-java-4.3.0.jar;C:\Users\anurag.chaturvedi\.m2\repository\org\seleniumhq\selenium\selenium-api\4.3.0\selenium-api-4.3.0.jar;C:\Users\anurag.chaturvedi\.m2\repository\org\seleniumhq\selenium\selenium-chrome-driver\4.3.0\selenium-chrome-driver-4.3.0.jar;C:\Users\anurag.chaturvedi\.m2\repository\com\google\auto\service\auto-service-annotations\1.0.1\auto-service-annotations-1.0.1.jar;C:\Users\anurag.chaturvedi\.m2\repository\com\google\auto\service\auto-service\1.0.1\auto-service-1.0.1.jar;C:\Users\anurag.chaturvedi\.m2\repository\com\google\auto\auto-common\1.2\auto-common-1.2.jar;C:\Users\anurag.chaturvedi\.m2\repository\org\seleniumhq\selenium\selenium-chromium-driver\4.3.0\selenium-chromium-driver-4.3.0.jar;C:\Users\anurag.chaturvedi\.m2\repository\org\seleniumhq\selenium\selenium-json\4.3.0\selenium-json-4.3.0.jar;C:\Users\anurag.chaturvedi\.m2\repository\org\seleniumhq\selenium\selenium-devtools-v101\4.3.0\selenium-devtools-v101-4.3.0.jar;C:\Users\anurag.chaturvedi\.m2\repository\org\seleniumhq\selenium\selenium-devtools-v102\4.3.0\selenium-devtools-v102-4.3.0.jar;C:\Users\anurag.chaturvedi\.m2\repository\org\seleniumhq\selenium\selenium-devtools-v103\4.3.0\selenium-devtools-v103-4.3.0.jar;C:\Users\anurag.chaturvedi\.m2\repository\org\seleniumhq\selenium\selenium-devtools-v85\4.3.0\selenium-devtools-v85-4.3.0.jar;C:\Users\anurag.chaturvedi\.m2\repository\org\seleniumhq\selenium\selenium-edge-driver\4.3.0\selenium-edge-driver-4.3.0.jar;C:\Users\anurag.chaturvedi\.m2\repository\org\seleniumhq\selenium\selenium-firefox-driver\4.3.0\selenium-firefox-driver-4.3.0.jar;C:\Users\anurag.chaturvedi\.m2\repository\org\seleniumhq\selenium\selenium-ie-driver\4.3.0\selenium-ie-driver-4.3.0.jar;C:\Users\anurag.chaturvedi\.m2\repository\org\seleniumhq\selenium\selenium-opera-driver\4.3.0\selenium-opera-driver-4.3.0.jar;C:\Users\anurag.chaturvedi\.m2\repository\org\seleniumhq\selenium\selenium-remote-driver\4.3.0\selenium-remote-driver-4.3.0.jar;C:\Users\anurag.chaturvedi\.m2\repository\io\netty\netty-buffer\4.1.78.Final\netty-buffer-4.1.78.Final.jar;C:\Users\anurag.chaturvedi\.m2\repository\io\netty\netty-codec-http\4.1.78.Final\netty-codec-http-4.1.78.Final.jar;C:\Users\anurag.chaturvedi\.m2\repository\io\netty\netty-codec\4.1.78.Final\netty-codec-4.1.78.Final.jar;C:\Users\anurag.chaturvedi\.m2\repository\io\netty\netty-handler\4.1.78.Final\netty-handler-4.1.78.Final.jar;C:\Users\anurag.chaturvedi\.m2\repository\io\netty\netty-common\4.1.78.Final\netty-common-4.1.78.Final.jar;C:\Users\anurag.chaturvedi\.m2\repository\io\netty\netty-transport-classes-epoll\4.1.78.Final\netty-transport-classes-epoll-4.1.78.Final.jar;C:\Users\anurag.chaturvedi\.m2\repository\io\netty\netty-transport-classes-kqueue\4.1.78.Final\netty-transport-classes-kqueue-4.1.78.Final.jar;C:\Users\anurag.chaturvedi\.m2\repository\io\netty\netty-transport-native-epoll\4.1.78.Final\netty-transport-native-epoll-4.1.78.Final.jar;C:\Users\anurag.chaturvedi\.m2\repository\io\netty\netty-transport-native-kqueue\4.1.78.Final\netty-transport-native-kqueue-4.1.78.Final.jar;C:\Users\anurag.chaturvedi\.m2\repository\io\netty\netty-transport-native-unix-common\4.1.78.Final\netty-transport-native-unix-common-4.1.78.Final.jar;C:\Users\anurag.chaturvedi\.m2\repository\io\netty\netty-transport\4.1.78.Final\netty-transport-4.1.78.Final.jar;C:\Users\anurag.chaturvedi\.m2\repository\io\netty\netty-resolver\4.1.78.Final\netty-resolver-4.1.78.Final.jar;C:\Users\anurag.chaturvedi\.m2\repository\io\opentelemetry\opentelemetry-api\1.15.0\opentelemetry-api-1.15.0.jar;C:\Users\anurag.chaturvedi\.m2\repository\io\opentelemetry\opentelemetry-context\1.15.0\opentelemetry-context-1.15.0.jar;C:\Users\anurag.chaturvedi\.m2\repository\io\opentelemetry\opentelemetry-exporter-logging\1.15.0\opentelemetry-exporter-logging-1.15.0.jar;C:\Users\anurag.chaturvedi\.m2\repository\io\opentelemetry\opentelemetry-sdk-metrics\1.15.0\opentelemetry-sdk-metrics-1.15.0.jar;C:\Users\anurag.chaturvedi\.m2\repository\io\opentelemetry\opentelemetry-sdk-logs\1.15.0-alpha\opentelemetry-sdk-logs-1.15.0-alpha.jar;C:\Users\anurag.chaturvedi\.m2\repository\io\opentelemetry\opentelemetry-sdk-common\1.15.0\opentelemetry-sdk-common-1.15.0.jar;C:\Users\anurag.chaturvedi\.m2\repository\io\opentelemetry\opentelemetry-sdk-extension-autoconfigure-spi\1.15.0\opentelemetry-sdk-extension-autoconfigure-spi-1.15.0.jar;C:\Users\anurag.chaturvedi\.m2\repository\io\opentelemetry\opentelemetry-sdk-extension-autoconfigure\1.15.0-alpha\opentelemetry-sdk-extension-autoconfigure-1.15.0-alpha.jar;C:\Users\anurag.chaturvedi\.m2\repository\io\opentelemetry\opentelemetry-sdk-trace\1.15.0\opentelemetry-sdk-trace-1.15.0.jar;C:\Users\anurag.chaturvedi\.m2\repository\io\opentelemetry\opentelemetry-sdk\1.15.0\opentelemetry-sdk-1.15.0.jar;C:\Users\anurag.chaturvedi\.m2\repository\io\opentelemetry\opentelemetry-semconv\1.15.0-alpha\opentelemetry-semconv-1.15.0-alpha.jar;C:\Users\anurag.chaturvedi\.m2\repository\io\ous\jtoml\2.0.0\jtoml-2.0.0.jar;C:\Users\anurag.chaturvedi\.m2\repository\net\bytebuddy\byte-buddy\1.12.10\byte-buddy-1.12.10.jar;C:\Users\anurag.chaturvedi\.m2\repository\org\apache\commons\commons-exec\1.3\commons-exec-1.3.jar;C:\Users\anurag.chaturvedi\.m2\repository\org\asynchttpclient\async-http-client\2.12.3\async-http-client-2.12.3.jar;C:\Users\anurag.chaturvedi\.m2\repository\org\asynchttpclient\async-http-client-netty-utils\2.12.3\async-http-client-netty-utils-2.12.3.jar;C:\Users\anurag.chaturvedi\.m2\repository\io\netty\netty-codec-socks\4.1.60.Final\netty-codec-socks-4.1.60.Final.jar;C:\Users\anurag.chaturvedi\.m2\repository\io\netty\netty-handler-proxy\4.1.60.Final\netty-handler-proxy-4.1.60.Final.jar;C:\Users\anurag.chaturvedi\.m2\repository\io\netty\netty-transport-native-epoll\4.1.60.Final\netty-transport-native-epoll-4.1.60.Final-linux-x86_64.jar;C:\Users\anurag.chaturvedi\.m2\repository\io\netty\netty-transport-native-kqueue\4.1.60.Final\netty-transport-native-kqueue-4.1.60.Final-osx-x86_64.jar;C:\Users\anurag.chaturvedi\.m2\repository\org\reactivestreams\reactive-streams\1.0.3\reactive-streams-1.0.3.jar;C:\Users\anurag.chaturvedi\.m2\repository\com\typesafe\netty\netty-reactive-streams\2.0.4\netty-reactive-streams-2.0.4.jar;C:\Users\anurag.chaturvedi\.m2\repository\com\sun\activation\jakarta.activation\1.2.2\jakarta.activation-1.2.2.jar;C:\Users\anurag.chaturvedi\.m2\repository\org\seleniumhq\selenium\selenium-http\4.3.0\selenium-http-4.3.0.jar;C:\Users\anurag.chaturvedi\.m2\repository\dev\failsafe\failsafe\3.2.4\failsafe-3.2.4.jar;C:\Users\anurag.chaturvedi\.m2\repository\org\seleniumhq\selenium\selenium-safari-driver\4.3.0\selenium-safari-driver-4.3.0.jar;C:\Users\anurag.chaturvedi\.m2\repository\org\seleniumhq\selenium\selenium-support\4.3.0\selenium-support-4.3.0.jar;C:\Users\anurag.chaturvedi\.m2\repository\telus\bt\automation\telus-test-selenium-ui-core\6.2-SNAPSHOT\telus-test-selenium-ui-core-6.2-SNAPSHOT.jar;C:\Users\anurag.chaturvedi\.m2\repository\javax\mail\javax.mail-api\1.4.7\javax.mail-api-1.4.7.jar;C:\Users\anurag.chaturvedi\.m2\repository\javax\activation\activation\1.1.1\activation-1.1.1.jar;C:\Users\anurag.chaturvedi\.m2\repository\com\sun\mail\javax.mail\1.6.2\javax.mail-1.6.2.jar;C:\Users\anurag.chaturvedi\.m2\repository\org\slf4j\slf4j-jdk14\1.7.25\slf4j-jdk14-1.7.25.jar;C:\Users\anurag.chaturvedi\.m2\repository\org\apache\logging\log4j\log4j-api\2.17.1\log4j-api-2.17.1.jar;C:\Users\anurag.chaturvedi\.m2\repository\org\apache\logging\log4j\log4j-slf4j-impl\2.17.2\log4j-slf4j-impl-2.17.2.jar;C:\Users\anurag.chaturvedi\.m2\repository\org\apache\logging\log4j\log4j-core\2.17.1\log4j-core-2.17.1.jar;C:\Users\anurag.chaturvedi\.m2\repository\com\github\stephenc\monte\monte-screen-recorder\0.7.7.0\monte-screen-recorder-0.7.7.0.jar;C:\Users\anurag.chaturvedi\.m2\repository\com\github\2gis\winium\winium-webdriver\0.1.0-1\winium-webdriver-0.1.0-1.jar;C:\Users\anurag.chaturvedi\.m2\repository\ru\yandex\qatools\ashot\ashot\1.5.4\ashot-1.5.4.jar;C:\Users\anurag.chaturvedi\.m2\repository\org\hamcrest\hamcrest-core\1.3\hamcrest-core-1.3.jar;C:\Users\anurag.chaturvedi\.m2\repository\com\github\detro\ghostdriver\phantomjsdriver\1.0.1\phantomjsdriver-1.0.1.jar;C:\Users\anurag.chaturvedi\.m2\repository\org\seleniumhq\selenium\selenium-server\2.28.0\selenium-server-2.28.0.jar;C:\Users\anurag.chaturvedi\.m2\repository\org\bouncycastle\bcprov-jdk15on\1.47\bcprov-jdk15on-1.47.jar;C:\Users\anurag.chaturvedi\.m2\repository\org\bouncycastle\bcpkix-jdk15on\1.47\bcpkix-jdk15on-1.47.jar;C:\Users\anurag.chaturvedi\.m2\repository\mx4j\mx4j-tools\3.0.1\mx4j-tools-3.0.1.jar;C:\Users\anurag.chaturvedi\.m2\repository\org\mortbay\jetty\servlet-api-2.5\6.1.9\servlet-api-2.5-6.1.9.jar;C:\Users\anurag.chaturvedi\.m2\repository\org\seleniumhq\selenium\jetty-repacked\7.6.1\jetty-repacked-7.6.1.jar;C:\Users\anurag.chaturvedi\.m2\repository\net\jcip\jcip-annotations\1.0\jcip-annotations-1.0.jar;C:\Users\anurag.chaturvedi\.m2\repository\org\yaml\snakeyaml\1.8\snakeyaml-1.8.jar;C:\Users\anurag.chaturvedi\.m2\repository\com\github\2gis\winium\winium-elements-desktop\0.2.0-1\winium-elements-desktop-0.2.0-1.jar;C:\Users\anurag.chaturvedi\.m2\repository\com\google\guava\guava\31.1-jre\guava-31.1-jre.jar;C:\Users\anurag.chaturvedi\.m2\repository\com\google\guava\failureaccess\1.0.1\failureaccess-1.0.1.jar;C:\Users\anurag.chaturvedi\.m2\repository\com\google\guava\listenablefuture\9999.0-empty-to-avoid-conflict-with-guava\listenablefuture-9999.0-empty-to-avoid-conflict-with-guava.jar;C:\Users\anurag.chaturvedi\.m2\repository\com\google\code\findbugs\jsr305\3.0.2\jsr305-3.0.2.jar;C:\Users\anurag.chaturvedi\.m2\repository\org\checkerframework\checker-qual\3.12.0\checker-qual-3.12.0.jar;C:\Users\anurag.chaturvedi\.m2\repository\com\google\errorprone\error_prone_annotations\2.11.0\error_prone_annotations-2.11.0.jar;C:\Users\anurag.chaturvedi\.m2\repository\com\google\j2objc\j2objc-annotations\1.3\j2objc-annotations-1.3.jar;C:\Users\anurag.chaturvedi\.m2\repository\com\google\code\gson\gson\2.8.9\gson-2.8.9.jar;C:\Users\anurag.chaturvedi\.m2\repository\telus\bt\automation\telus-test-common-core\3.3-SNAPSHOT\telus-test-common-core-3.3-SNAPSHOT.jar;C:\Users\anurag.chaturvedi\.m2\repository\com\fasterxml\jackson\core\jackson-databind\2.12.7.1\jackson-databind-2.12.7.1.jar;C:\Users\anurag.chaturvedi\.m2\repository\com\fasterxml\jackson\core\jackson-annotations\2.12.7\jackson-annotations-2.12.7.jar;C:\Users\anurag.chaturvedi\.m2\repository\com\fasterxml\jackson\core\jackson-core\2.12.7\jackson-core-2.12.7.jar;C:\Users\anurag.chaturvedi\.m2\repository\com\fasterxml\jackson\datatype\jackson-datatype-jsr310\2.9.8\jackson-datatype-jsr310-2.9.8.jar;C:\Users\anurag.chaturvedi\.m2\repository\com\jcraft\jsch\0.1.54\jsch-0.1.54.jar;C:\Users\anurag.chaturvedi\.m2\repository\org\springframework\spring-jdbc\5.0.7.RELEASE\spring-jdbc-5.0.7.RELEASE.jar;C:\Users\anurag.chaturvedi\.m2\repository\org\springframework\spring-beans\5.0.7.RELEASE\spring-beans-5.0.7.RELEASE.jar;C:\Users\anurag.chaturvedi\.m2\repository\org\springframework\spring-core\5.0.7.RELEASE\spring-core-5.0.7.RELEASE.jar;C:\Users\anurag.chaturvedi\.m2\repository\org\springframework\spring-jcl\5.0.7.RELEASE\spring-jcl-5.0.7.RELEASE.jar;C:\Users\anurag.chaturvedi\.m2\repository\org\springframework\spring-tx\5.0.7.RELEASE\spring-tx-5.0.7.RELEASE.jar;C:\Users\anurag.chaturvedi\.m2\repository\com\aventstack\extentreports\5.0.9\extentreports-5.0.9.jar;C:\Users\anurag.chaturvedi\.m2\repository\io\reactivex\rxjava3\rxjava\3.0.4\rxjava-3.0.4.jar;C:\Users\anurag.chaturvedi\.m2\repository\org\freemarker\freemarker\2.3.30\freemarker-2.3.30.jar;C:\Users\anurag.chaturvedi\.m2\repository\tech\grasshopper\htmlextentreporter\1.0.1\htmlextentreporter-1.0.1.jar;C:\Users\anurag.chaturvedi\.m2\repository\com\oracle\database\jdbc\ojdbc8\12.2.0.1\ojdbc8-12.2.0.1.jar;C:\Users\anurag.chaturvedi\.m2\repository\com\oracle\database\jdbc\ucp\12.2.0.1\ucp-12.2.0.1.jar;C:\Users\anurag.chaturvedi\.m2\repository\com\oracle\database\security\oraclepki\12.2.0.1\oraclepki-12.2.0.1.jar;C:\Users\anurag.chaturvedi\.m2\repository\com\oracle\database\security\osdt_cert\12.2.0.1\osdt_cert-12.2.0.1.jar;C:\Users\anurag.chaturvedi\.m2\repository\com\oracle\database\security\osdt_core\12.2.0.1\osdt_core-12.2.0.1.jar;C:\Users\anurag.chaturvedi\.m2\repository\com\oracle\database\ha\simplefan\12.2.0.1\simplefan-12.2.0.1.jar;C:\Users\anurag.chaturvedi\.m2\repository\com\oracle\database\ha\ons\12.2.0.1\ons-12.2.0.1.jar;C:\Users\anurag.chaturvedi\.m2\repository\net\rcarz\jira-client\0.5\jira-client-0.5.jar;C:\Users\anurag.chaturvedi\.m2\repository\net\sf\json-lib\json-lib\2.4\json-lib-2.4-jdk15.jar;C:\Users\anurag.chaturvedi\.m2\repository\net\sf\ezmorph\ezmorph\1.0.6\ezmorph-1.0.6.jar;C:\Users\anurag.chaturvedi\.m2\repository\junit\junit\4.8.2\junit-4.8.2.jar;C:\Users\anurag.chaturvedi\.m2\repository\org\mockito\mockito-all\1.9.0\mockito-all-1.9.0.jar;C:\Users\anurag.chaturvedi\.m2\repository\commons-httpclient\commons-httpclient\3.1\commons-httpclient-3.1.jar;C:\Users\anurag.chaturvedi\.m2\repository\org\glassfish\jersey\core\jersey-client\2.8\jersey-client-2.8.jar;C:\Users\anurag.chaturvedi\.m2\repository\org\glassfish\jersey\core\jersey-common\2.8\jersey-common-2.8.jar;C:\Users\anurag.chaturvedi\.m2\repository\org\glassfish\jersey\bundles\repackaged\jersey-guava\2.8\jersey-guava-2.8.jar;C:\Users\anurag.chaturvedi\.m2\repository\org\glassfish\hk2\osgi-resource-locator\1.0.1\osgi-resource-locator-1.0.1.jar;C:\Users\anurag.chaturvedi\.m2\repository\javax\ws\rs\javax.ws.rs-api\2.0\javax.ws.rs-api-2.0.jar;C:\Users\anurag.chaturvedi\.m2\repository\org\glassfish\hk2\hk2-api\2.2.0\hk2-api-2.2.0.jar;C:\Users\anurag.chaturvedi\.m2\repository\org\glassfish\hk2\hk2-utils\2.2.0\hk2-utils-2.2.0.jar;C:\Users\anurag.chaturvedi\.m2\repository\org\glassfish\hk2\external\aopalliance-repackaged\2.2.0\aopalliance-repackaged-2.2.0.jar;C:\Users\anurag.chaturvedi\.m2\repository\org\glassfish\hk2\external\javax.inject\2.2.0\javax.inject-2.2.0.jar;C:\Users\anurag.chaturvedi\.m2\repository\org\glassfish\hk2\hk2-locator\2.2.0\hk2-locator-2.2.0.jar;C:\Users\anurag.chaturvedi\.m2\repository\org\javassist\javassist\3.18.1-GA\javassist-3.18.1-GA.jar;C:\Users\anurag.chaturvedi\.m2\repository\org\glassfish\jersey\media\jersey-media-json-jackson\2.8\jersey-media-json-jackson-2.8.jar;C:\Users\anurag.chaturvedi\.m2\repository\org\codehaus\jackson\jackson-core-asl\1.9.13\jackson-core-asl-1.9.13.jar;C:\Users\anurag.chaturvedi\.m2\repository\org\codehaus\jackson\jackson-mapper-asl\1.9.13\jackson-mapper-asl-1.9.13.jar;C:\Users\anurag.chaturvedi\.m2\repository\org\codehaus\jackson\jackson-jaxrs\1.9.13\jackson-jaxrs-1.9.13.jar;C:\Users\anurag.chaturvedi\.m2\repository\org\codehaus\jackson\jackson-xc\1.9.13\jackson-xc-1.9.13.jar;C:\Users\anurag.chaturvedi\.m2\repository\com\github\bogdanlivadariu\integrations\zapi\0.0.5\zapi-0.0.5.jar;C:\Users\anurag.chaturvedi\.m2\repository\org\codehaus\groovy\groovy-json\2.5.5\groovy-json-2.5.5.jar;C:\Users\anurag.chaturvedi\.m2\repository\org\codehaus\groovy\groovy\2.5.5\groovy-2.5.5.jar;C:\Users\anurag.chaturvedi\.m2\repository\com\itextpdf\itextpdf\5.5.13.3\itextpdf-5.5.13.3.jar;C:\Users\anurag.chaturvedi\.m2\repository\com\opencsv\opencsv\4.1\opencsv-4.1.jar;C:\Users\anurag.chaturvedi\.m2\repository\org\apache\commons\commons-text\1.1\commons-text-1.1.jar;C:\Users\anurag.chaturvedi\.m2\repository\commons-beanutils\commons-beanutils\1.9.3\commons-beanutils-1.9.3.jar;C:\Users\anurag.chaturvedi\.m2\repository\org\apache\pdfbox\jbig2-imageio\3.0.2\jbig2-imageio-3.0.2.jar;C:\Users\anurag.chaturvedi\.m2\repository\net\sourceforge\tess4j\tess4j\4.4.1\tess4j-4.4.1.jar;C:\Users\anurag.chaturvedi\.m2\repository\com\github\jai-imageio\jai-imageio-core\1.4.0\jai-imageio-core-1.4.0.jar;C:\Users\anurag.chaturvedi\.m2\repository\org\ghost4j\ghost4j\1.0.1\ghost4j-1.0.1.jar;C:\Users\anurag.chaturvedi\.m2\repository\log4j\log4j\1.2.17\log4j-1.2.17.jar;C:\Users\anurag.chaturvedi\.m2\repository\org\apache\xmlgraphics\xmlgraphics-commons\1.4\xmlgraphics-commons-1.4.jar;C:\Users\anurag.chaturvedi\.m2\repository\com\lowagie\itext\2.1.7\itext-2.1.7.jar;C:\Users\anurag.chaturvedi\.m2\repository\org\apache\pdfbox\pdfbox-tools\2.0.17\pdfbox-tools-2.0.17.jar;C:\Users\anurag.chaturvedi\.m2\repository\org\apache\pdfbox\pdfbox-debugger\2.0.17\pdfbox-debugger-2.0.17.jar;C:\Users\anurag.chaturvedi\.m2\repository\net\sourceforge\lept4j\lept4j\1.12.3\lept4j-1.12.3.jar;C:\Users\anurag.chaturvedi\.m2\repository\org\jboss\jboss-vfs\3.2.14.Final\jboss-vfs-3.2.14.Final.jar;C:\Users\anurag.chaturvedi\.m2\repository\org\jboss\logging\jboss-logging\3.1.4.GA\jboss-logging-3.1.4.GA.jar;C:\Users\anurag.chaturvedi\.m2\repository\ch\qos\logback\logback-classic\1.2.3\logback-classic-1.2.3.jar;C:\Users\anurag.chaturvedi\.m2\repository\ch\qos\logback\logback-core\1.2.3\logback-core-1.2.3.jar;C:\Users\anurag.chaturvedi\.m2\repository\org\slf4j\jul-to-slf4j\1.7.28\jul-to-slf4j-1.7.28.jar;C:\Users\anurag.chaturvedi\.m2\repository\org\slf4j\log4j-over-slf4j\1.7.28\log4j-over-slf4j-1.7.28.jar;C:\Users\anurag.chaturvedi\.m2\repository\org\jsoup\jsoup\1.15.3\jsoup-1.15.3.jar;C:\Users\anurag.chaturvedi\.m2\repository\com\google\cloud\google-cloud-secretmanager\2.12.0\google-cloud-secretmanager-2.12.0.jar;C:\Users\anurag.chaturvedi\.m2\repository\io\grpc\grpc-api\1.53.0\grpc-api-1.53.0.jar;C:\Users\anurag.chaturvedi\.m2\repository\io\grpc\grpc-context\1.53.0\grpc-context-1.53.0.jar;C:\Users\anurag.chaturvedi\.m2\repository\io\grpc\grpc-stub\1.53.0\grpc-stub-1.53.0.jar;C:\Users\anurag.chaturvedi\.m2\repository\io\grpc\grpc-protobuf\1.53.0\grpc-protobuf-1.53.0.jar;C:\Users\anurag.chaturvedi\.m2\repository\io\grpc\grpc-protobuf-lite\1.53.0\grpc-protobuf-lite-1.53.0.jar;C:\Users\anurag.chaturvedi\.m2\repository\com\google\api\api-common\2.6.2\api-common-2.6.2.jar;C:\Users\anurag.chaturvedi\.m2\repository\com\google\auto\value\auto-value-annotations\1.10.1\auto-value-annotations-1.10.1.jar;C:\Users\anurag.chaturvedi\.m2\repository\com\google\auto\value\auto-value\1.10.1\auto-value-1.10.1.jar;C:\Users\anurag.chaturvedi\.m2\repository\javax\annotation\javax.annotation-api\1.3.2\javax.annotation-api-1.3.2.jar;C:\Users\anurag.chaturvedi\.m2\repository\com\google\protobuf\protobuf-java\3.21.12\protobuf-java-3.21.12.jar;C:\Users\anurag.chaturvedi\.m2\repository\com\google\api\grpc\proto-google-common-protos\2.14.2\proto-google-common-protos-2.14.2.jar;C:\Users\anurag.chaturvedi\.m2\repository\com\google\api\grpc\proto-google-iam-v1\1.9.2\proto-google-iam-v1-1.9.2.jar;C:\Users\anurag.chaturvedi\.m2\repository\com\google\api\grpc\proto-google-cloud-secretmanager-v1\2.12.0\proto-google-cloud-secretmanager-v1-2.12.0.jar;C:\Users\anurag.chaturvedi\.m2\repository\com\google\api\grpc\proto-google-cloud-secretmanager-v1beta1\2.12.0\proto-google-cloud-secretmanager-v1beta1-2.12.0.jar;C:\Users\anurag.chaturvedi\.m2\repository\com\google\api\gax\2.23.2\gax-2.23.2.jar;C:\Users\anurag.chaturvedi\.m2\repository\com\google\auth\google-auth-library-credentials\1.16.0\google-auth-library-credentials-1.16.0.jar;C:\Users\anurag.chaturvedi\.m2\repository\io\opencensus\opencensus-api\0.31.1\opencensus-api-0.31.1.jar;C:\Users\anurag.chaturvedi\.m2\repository\com\google\auth\google-auth-library-oauth2-http\1.16.0\google-auth-library-oauth2-http-1.16.0.jar;C:\Users\anurag.chaturvedi\.m2\repository\com\google\api\gax-grpc\2.23.2\gax-grpc-2.23.2.jar;C:\Users\anurag.chaturvedi\.m2\repository\io\grpc\grpc-alts\1.53.0\grpc-alts-1.53.0.jar;C:\Users\anurag.chaturvedi\.m2\repository\io\grpc\grpc-grpclb\1.53.0\grpc-grpclb-1.53.0.jar;C:\Users\anurag.chaturvedi\.m2\repository\org\conscrypt\conscrypt-openjdk-uber\2.5.2\conscrypt-openjdk-uber-2.5.2.jar;C:\Users\anurag.chaturvedi\.m2\repository\io\grpc\grpc-auth\1.53.0\grpc-auth-1.53.0.jar;C:\Users\anurag.chaturvedi\.m2\repository\io\grpc\grpc-netty-shaded\1.53.0\grpc-netty-shaded-1.53.0.jar;C:\Users\anurag.chaturvedi\.m2\repository\io\perfmark\perfmark-api\0.26.0\perfmark-api-0.26.0.jar;C:\Users\anurag.chaturvedi\.m2\repository\io\grpc\grpc-core\1.53.0\grpc-core-1.53.0.jar;C:\Users\anurag.chaturvedi\.m2\repository\com\google\android\annotations\4.1.1.4\annotations-4.1.1.4.jar;C:\Users\anurag.chaturvedi\.m2\repository\org\codehaus\mojo\animal-sniffer-annotations\1.22\animal-sniffer-annotations-1.22.jar;C:\Users\anurag.chaturvedi\.m2\repository\io\grpc\grpc-googleapis\1.53.0\grpc-googleapis-1.53.0.jar;C:\Users\anurag.chaturvedi\.m2\repository\io\grpc\grpc-xds\1.53.0\grpc-xds-1.53.0.jar;C:\Users\anurag.chaturvedi\.m2\repository\io\opencensus\opencensus-proto\0.2.0\opencensus-proto-0.2.0.jar;C:\Users\anurag.chaturvedi\.m2\repository\io\grpc\grpc-services\1.53.0\grpc-services-1.53.0.jar;C:\Users\anurag.chaturvedi\.m2\repository\com\google\re2j\re2j\1.6\re2j-1.6.jar;C:\Users\anurag.chaturvedi\.m2\repository\com\google\api\gax-httpjson\0.108.2\gax-httpjson-0.108.2.jar;C:\Users\anurag.chaturvedi\.m2\repository\com\google\http-client\google-http-client\1.43.0\google-http-client-1.43.0.jar;C:\Users\anurag.chaturvedi\.m2\repository\org\apache\httpcomponents\httpcore\4.4.16\httpcore-4.4.16.jar;C:\Users\anurag.chaturvedi\.m2\repository\io\opencensus\opencensus-contrib-http-util\0.31.1\opencensus-contrib-http-util-0.31.1.jar;C:\Users\anurag.chaturvedi\.m2\repository\com\google\http-client\google-http-client-gson\1.43.0\google-http-client-gson-1.43.0.jar;C:\Users\anurag.chaturvedi\.m2\repository\com\google\protobuf\protobuf-java-util\3.21.12\protobuf-java-util-3.21.12.jar;C:\Users\anurag.chaturvedi\.m2\repository\org\threeten\threetenbp\1.6.5\threetenbp-1.6.5.jar;C:\Users\anurag.chaturvedi\.m2\repository\io\rest-assured\rest-assured\5.2.1\rest-assured-5.2.1.jar;C:\Users\anurag.chaturvedi\.m2\repository\org\apache\groovy\groovy\4.0.1\groovy-4.0.1.jar;C:\Users\anurag.chaturvedi\.m2\repository\org\apache\groovy\groovy-xml\4.0.1\groovy-xml-4.0.1.jar;C:\Users\anurag.chaturvedi\.m2\repository\org\hamcrest\hamcrest\2.1\hamcrest-2.1.jar;C:\Users\anurag.chaturvedi\.m2\repository\org\ccil\cowan\tagsoup\tagsoup\1.2.1\tagsoup-1.2.1.jar;C:\Users\anurag.chaturvedi\.m2\repository\io\rest-assured\json-path\5.2.1\json-path-5.2.1.jar;C:\Users\anurag.chaturvedi\.m2\repository\org\apache\groovy\groovy-json\4.0.1\groovy-json-4.0.1.jar;C:\Users\anurag.chaturvedi\.m2\repository\io\rest-assured\rest-assured-common\5.2.1\rest-assured-common-5.2.1.jar;C:\Users\anurag.chaturvedi\.m2\repository\io\rest-assured\xml-path\5.2.1\xml-path-5.2.1.jar;C:\Users\anurag.chaturvedi\.m2\repository\com\epam\reportportal\agent-java-testng\5.2.0\agent-java-testng-5.2.0.jar;C:\Users\anurag.chaturvedi\.m2\repository\com\epam\reportportal\client-java\5.1.17\client-java-5.1.17.jar;C:\Users\anurag.chaturvedi\.m2\repository\io\reactivex\rxjava2\rxjava\2.2.10\rxjava-2.2.10.jar;C:\Users\anurag.chaturvedi\.m2\repository\com\squareup\retrofit2\retrofit\2.9.0\retrofit-2.9.0.jar;C:\Users\anurag.chaturvedi\.m2\repository\com\squareup\okhttp3\okhttp\3.14.9\okhttp-3.14.9.jar;C:\Users\anurag.chaturvedi\.m2\repository\com\squareup\okio\okio\1.17.2\okio-1.17.2.jar;C:\Users\anurag.chaturvedi\.m2\repository\org\aspectj\aspectjrt\1.9.2\aspectjrt-1.9.2.jar;C:\Users\anurag.chaturvedi\.m2\repository\com\squareup\retrofit2\converter-scalars\2.9.0\converter-scalars-2.9.0.jar;C:\Users\anurag.chaturvedi\.m2\repository\com\squareup\retrofit2\converter-jackson\2.9.0\converter-jackson-2.9.0.jar;C:\Users\anurag.chaturvedi\.m2\repository\com\squareup\retrofit2\adapter-rxjava2\2.9.0\adapter-rxjava2-2.9.0.jar;C:\Users\anurag.chaturvedi\.m2\repository\com\squareup\okhttp3\logging-interceptor\3.14.9\logging-interceptor-3.14.9.jar;C:\Users\anurag.chaturvedi\.m2\repository\org\aspectj\aspectjweaver\1.9.2\aspectjweaver-1.9.2.jar;C:\Users\anurag.chaturvedi\.m2\repository\com\epam\reportportal\commons-model\5.0.0\commons-model-5.0.0.jar;C:\Users\anurag.chaturvedi\.m2\repository\io\swagger\swagger-annotations\1.5.24\swagger-annotations-1.5.24.jar;C:\Users\anurag.chaturvedi\.m2\repository\javax\validation\validation-api\2.0.1.Final\validation-api-2.0.1.Final.jar;C:\Users\anurag.chaturvedi\.m2\repository\com\epam\reportportal\logger-java-log4j\5.1.6\logger-java-log4j-5.1.6.jar;C:\Users\anurag.chaturvedi\.m2\repository\io\cucumber\cucumber-java\7.1.0\cucumber-java-7.1.0.jar;C:\Users\anurag.chaturvedi\.m2\repository\io\cucumber\cucumber-core\7.1.0\cucumber-core-7.1.0.jar;C:\Users\anurag.chaturvedi\.m2\repository\io\cucumber\messages\17.1.1\messages-17.1.1.jar;C:\Users\anurag.chaturvedi\.m2\repository\io\cucumber\tag-expressions\4.1.0\tag-expressions-4.1.0.jar;C:\Users\anurag.chaturvedi\.m2\repository\io\cucumber\cucumber-expressions\13.0.1\cucumber-expressions-13.0.1.jar;C:\Users\anurag.chaturvedi\.m2\repository\io\cucumber\datatable\7.1.0\datatable-7.1.0.jar;C:\Users\anurag.chaturvedi\.m2\repository\io\cucumber\docstring\7.1.0\docstring-7.1.0.jar;C:\Users\anurag.chaturvedi\.m2\repository\io\cucumber\html-formatter\17.0.0\html-formatter-17.0.0.jar;C:\Users\anurag.chaturvedi\.m2\repository\io\cucumber\create-meta\6.0.4\create-meta-6.0.4.jar;C:\Users\anurag.chaturvedi\.m2\repository\org\apiguardian\apiguardian-api\1.1.2\apiguardian-api-1.1.2.jar;C:\Users\anurag.chaturvedi\.m2\repository\io\cucumber\cucumber-testng\7.1.0\cucumber-testng-7.1.0.jar;C:\Users\anurag.chaturvedi\.m2\repository\io\cucumber\cucumber-jvm-deps\1.0.6\cucumber-jvm-deps-1.0.6.jar;C:\Users\anurag.chaturvedi\.m2\repository\net\masterthought\cucumber-reporting\5.6.1\cucumber-reporting-5.6.1.jar;C:\Users\anurag.chaturvedi\.m2\repository\org\apache\velocity\velocity-engine-core\2.3\velocity-engine-core-2.3.jar;C:\Users\anurag.chaturvedi\.m2\repository\commons-collections\commons-collections\3.2.2\commons-collections-3.2.2.jar;C:\Users\anurag.chaturvedi\.m2\repository\joda-time\joda-time\2.10.10\joda-time-2.10.10.jar;C:\Users\anurag.chaturvedi\.m2\repository\org\codehaus\plexus\plexus-utils\3.3.0\plexus-utils-3.3.0.jar;C:\Users\anurag.chaturvedi\.m2\repository\com\googlecode\owasp-java-html-sanitizer\owasp-java-html-sanitizer\20211018.2\owasp-java-html-sanitizer-20211018.2.jar;C:\Users\anurag.chaturvedi\.m2\repository\commons-configuration\commons-configuration\1.10\commons-configuration-1.10.jar;C:\Users\anurag.chaturvedi\.m2\repository\commons-lang\commons-lang\2.6\commons-lang-2.6.jar;C:\Users\anurag.chaturvedi\.m2\repository\io\cucumber\cucumber-gherkin\7.1.0\cucumber-gherkin-7.1.0.jar;C:\Users\anurag.chaturvedi\.m2\repository\io\cucumber\cucumber-plugin\7.1.0\cucumber-plugin-7.1.0.jar;C:\Users\anurag.chaturvedi\.m2\repository\io\cucumber\cucumber-gherkin-messages\7.1.0\cucumber-gherkin-messages-7.1.0.jar;C:\Users\anurag.chaturvedi\.m2\repository\io\cucumber\gherkin\22.0.0\gherkin-22.0.0.jar;C:\Users\anurag.chaturvedi\.m2\repository\tech\grasshopper\extent-pdf-report\2.6.0\extent-pdf-report-2.6.0.jar;C:\Users\anurag.chaturvedi\.m2\repository\tech\grasshopper\cucumber-pdf-report\2.9.0\cucumber-pdf-report-2.9.0.jar;C:\Users\anurag.chaturvedi\.m2\repository\org\knowm\xchart\xchart\3.8.0\xchart-3.8.0.jar;C:\Users\anurag.chaturvedi\.m2\repository\de\erichseifert\vectorgraphics2d\VectorGraphics2D\0.13\VectorGraphics2D-0.13.jar;C:\Users\anurag.chaturvedi\.m2\repository\de\rototor\pdfbox\graphics2d\0.30\graphics2d-0.30.jar;C:\Users\anurag.chaturvedi\.m2\repository\com\madgag\animated-gif-lib\1.4\animated-gif-lib-1.4.jar;C:\Users\anurag.chaturvedi\.m2\repository\tech\grasshopper\table-layout\1.5.1\table-layout-1.5.1.jar;C:\Users\anurag.chaturvedi\.m2\repository\tech\grasshopper\rest-assured-cucumber-pdf-report\1.4.1\rest-assured-cucumber-pdf-report-1.4.1.jar;C:\Users\anurag.chaturvedi\.m2\repository\org\projectlombok\lombok\1.18.18\lombok-1.18.18.jar;C:\Users\anurag.chaturvedi\.m2\repository\com\aventstack\klov-reporter\5.0.9\klov-reporter-5.0.9.jar;C:\Users\anurag.chaturvedi\.m2\repository\org\mongodb\mongodb-driver\3.6.4\mongodb-driver-3.6.4.jar;C:\Users\anurag.chaturvedi\.m2\repository\org\mongodb\mongodb-driver-core\3.6.4\mongodb-driver-core-3.6.4.jar;C:\Users\anurag.chaturvedi\.m2\repository\org\mongodb\bson\3.6.4\bson-3.6.4.jar;C:\Users\anurag.chaturvedi\.m2\repository\org\apache\httpcomponents\httpclient\4.5.13\httpclient-4.5.13.jar;C:\Users\anurag.chaturvedi\.m2\repository\org\apache\httpcomponents\httpmime\4.5.13\httpmime-4.5.13.jar;C:\Users\anurag.chaturvedi\.m2\repository\org\apache\pdfbox\pdfbox\2.0.24\pdfbox-2.0.24.jar;C:\Users\anurag.chaturvedi\.m2\repository\org\apache\pdfbox\fontbox\2.0.24\fontbox-2.0.24.jar;C:\Users\anurag.chaturvedi\.m2\repository\commons-logging\commons-logging\1.2\commons-logging-1.2.jar;C:\Users\anurag.chaturvedi\.m2\repository\org\testng\testng\7.4.0\testng-7.4.0.jar;C:\Users\anurag.chaturvedi\.m2\repository\com\beust\jcommander\1.78\jcommander-1.78.jar;C:\Users\anurag.chaturvedi\.m2\repository\org\webjars\jquery\3.5.1\jquery-3.5.1.jar;C:\Users\anurag.chaturvedi\.m2\repository\io\github\bonigarcia\webdrivermanager\5.1.0\webdrivermanager-5.1.0.jar;C:\Users\anurag.chaturvedi\.m2\repository\com\github\docker-java\docker-java\3.2.13\docker-java-3.2.13.jar;C:\Users\anurag.chaturvedi\.m2\repository\com\github\docker-java\docker-java-core\3.2.13\docker-java-core-3.2.13.jar;C:\Users\anurag.chaturvedi\.m2\repository\com\github\docker-java\docker-java-api\3.2.13\docker-java-api-3.2.13.jar;C:\Users\anurag.chaturvedi\.m2\repository\org\slf4j\jcl-over-slf4j\1.7.30\jcl-over-slf4j-1.7.30.jar;C:\Users\anurag.chaturvedi\.m2\repository\com\github\docker-java\docker-java-transport-httpclient5\3.2.13\docker-java-transport-httpclient5-3.2.13.jar;C:\Users\anurag.chaturvedi\.m2\repository\com\github\docker-java\docker-java-transport\3.2.13\docker-java-transport-3.2.13.jar;C:\Users\anurag.chaturvedi\.m2\repository\org\apache\httpcomponents\client5\httpclient5\5.0.3\httpclient5-5.0.3.jar;C:\Users\anurag.chaturvedi\.m2\repository\org\apache\httpcomponents\core5\httpcore5\5.0.2\httpcore5-5.0.2.jar;C:\Users\anurag.chaturvedi\.m2\repository\net\java\dev\jna\jna\5.8.0\jna-5.8.0.jar;C:\Users\anurag.chaturvedi\.m2\repository\org\brotli\dec\0.1.2\dec-0.1.2.jar;C:\Users\anurag.chaturvedi\.m2\repository\org\apache\commons\commons-lang3\3.12.0\commons-lang3-3.12.0.jar;C:\Users\anurag.chaturvedi\.m2\repository\io\qameta\allure\allure-testng\2.18.1\allure-testng-2.18.1.jar;C:\Users\anurag.chaturvedi\.m2\repository\io\qameta\allure\allure-java-commons\2.18.1\allure-java-commons-2.18.1.jar;C:\Users\anurag.chaturvedi\.m2\repository\io\qameta\allure\allure-model\2.18.1\allure-model-2.18.1.jar;C:\Users\anurag.chaturvedi\.m2\repository\io\qameta\allure\allure-test-filter\2.18.1\allure-test-filter-2.18.1.jar;C:\Users\anurag.chaturvedi\.m2\repository\org\slf4j\slf4j-api\1.7.16\slf4j-api-1.7.16.jar;C:\Users\anurag.chaturvedi\.m2\repository\org\slf4j\slf4j-simple\1.7.16\slf4j-simple-1.7.16.jar;C:\Users\anurag.chaturvedi\.m2\repository\org\json\json\20220924\json-20220924.jar;C:\Users\anurag.chaturvedi\.m2\repository\org\apache\clerezza\ext\org.json.simple\0.4\org.json.simple-0.4.jar;C:\Users\anurag.chaturvedi\.m2\repository\com\googlecode\json-simple\json-simple\1.1\json-simple-1.1.jar;C:\Users\anurag.chaturvedi\.m2\repository\org\apache\poi\poi\5.2.3\poi-5.2.3.jar;C:\Users\anurag.chaturvedi\.m2\repository\commons-codec\commons-codec\1.15\commons-codec-1.15.jar;C:\Users\anurag.chaturvedi\.m2\repository\org\apache\commons\commons-collections4\4.4\commons-collections4-4.4.jar;C:\Users\anurag.chaturvedi\.m2\repository\org\apache\commons\commons-math3\3.6.1\commons-math3-3.6.1.jar;C:\Users\anurag.chaturvedi\.m2\repository\commons-io\commons-io\2.11.0\commons-io-2.11.0.jar;C:\Users\anurag.chaturvedi\.m2\repository\com\zaxxer\SparseBitSet\1.2\SparseBitSet-1.2.jar;C:\Users\anurag.chaturvedi\.m2\repository\org\apache\poi\poi-ooxml\5.2.3\poi-ooxml-5.2.3.jar;C:\Users\anurag.chaturvedi\.m2\repository\org\apache\poi\poi-ooxml-lite\5.2.3\poi-ooxml-lite-5.2.3.jar;C:\Users\anurag.chaturvedi\.m2\repository\org\apache\xmlbeans\xmlbeans\5.1.1\xmlbeans-5.1.1.jar;C:\Users\anurag.chaturvedi\.m2\repository\xml-apis\xml-apis\1.4.01\xml-apis-1.4.01.jar;C:\Users\anurag.chaturvedi\.m2\repository\org\apache\commons\commons-compress\1.21\commons-compress-1.21.jar;C:\Users\anurag.chaturvedi\.m2\repository\com\github\virtuald\curvesapi\1.07\curvesapi-1.07.jar;C:\Users\anurag.chaturvedi\.m2\repository\org\apache\poi\poi-ooxml-schemas\4.1.2\poi-ooxml-schemas-4.1.2.jar;"/>
    <property name="java.vm.vendor" value="Temurin"/>
    <property name="sun.arch.data.model" value="64"/>
    <property name="user.variant" value=""/>
    <property name="java.vendor.url" value="https://adoptium.net/"/>
    <property name="user.timezone" value="Asia/Calcutta"/>
    <property name="java.vm.specification.version" value="1.8"/>
    <property name="os.name" value="Windows 10"/>
    <property name="user.country" value="US"/>
    <property name="sun.java.launcher" value="SUN_STANDARD"/>
    <property name="sun.boot.library.path" value="C:\Program Files\Eclipse Adoptium\jdk-8.0.372.7-hotspot\jre\bin"/>
    <property name="sun.java.command" value="C:\Users\anurag.chaturvedi\AppData\Local\Temp\surefire6485061525172364886\surefirebooter9211729528573928820.jar C:\Users\anurag.chaturvedi\AppData\Local\Temp\surefire6485061525172364886 2023-06-02T19-59-27_136-jvmRun1 surefire4116759269983840529tmp surefire_02329458042261225842tmp"/>
    <property name="surefire.test.class.path" value="C:\Users\anurag.chaturvedi\Documents\shop-automation\telus-manage-dormant\target\test-classes;C:\Users\anurag.chaturvedi\Documents\shop-automation\telus-manage-dormant\target\classes;C:\Users\anurag.chaturvedi\.m2\repository\org\seleniumhq\selenium\selenium-java\4.3.0\selenium-java-4.3.0.jar;C:\Users\anurag.chaturvedi\.m2\repository\org\seleniumhq\selenium\selenium-api\4.3.0\selenium-api-4.3.0.jar;C:\Users\anurag.chaturvedi\.m2\repository\org\seleniumhq\selenium\selenium-chrome-driver\4.3.0\selenium-chrome-driver-4.3.0.jar;C:\Users\anurag.chaturvedi\.m2\repository\com\google\auto\service\auto-service-annotations\1.0.1\auto-service-annotations-1.0.1.jar;C:\Users\anurag.chaturvedi\.m2\repository\com\google\auto\service\auto-service\1.0.1\auto-service-1.0.1.jar;C:\Users\anurag.chaturvedi\.m2\repository\com\google\auto\auto-common\1.2\auto-common-1.2.jar;C:\Users\anurag.chaturvedi\.m2\repository\org\seleniumhq\selenium\selenium-chromium-driver\4.3.0\selenium-chromium-driver-4.3.0.jar;C:\Users\anurag.chaturvedi\.m2\repository\org\seleniumhq\selenium\selenium-json\4.3.0\selenium-json-4.3.0.jar;C:\Users\anurag.chaturvedi\.m2\repository\org\seleniumhq\selenium\selenium-devtools-v101\4.3.0\selenium-devtools-v101-4.3.0.jar;C:\Users\anurag.chaturvedi\.m2\repository\org\seleniumhq\selenium\selenium-devtools-v102\4.3.0\selenium-devtools-v102-4.3.0.jar;C:\Users\anurag.chaturvedi\.m2\repository\org\seleniumhq\selenium\selenium-devtools-v103\4.3.0\selenium-devtools-v103-4.3.0.jar;C:\Users\anurag.chaturvedi\.m2\repository\org\seleniumhq\selenium\selenium-devtools-v85\4.3.0\selenium-devtools-v85-4.3.0.jar;C:\Users\anurag.chaturvedi\.m2\repository\org\seleniumhq\selenium\selenium-edge-driver\4.3.0\selenium-edge-driver-4.3.0.jar;C:\Users\anurag.chaturvedi\.m2\repository\org\seleniumhq\selenium\selenium-firefox-driver\4.3.0\selenium-firefox-driver-4.3.0.jar;C:\Users\anurag.chaturvedi\.m2\repository\org\seleniumhq\selenium\selenium-ie-driver\4.3.0\selenium-ie-driver-4.3.0.jar;C:\Users\anurag.chaturvedi\.m2\repository\org\seleniumhq\selenium\selenium-opera-driver\4.3.0\selenium-opera-driver-4.3.0.jar;C:\Users\anurag.chaturvedi\.m2\repository\org\seleniumhq\selenium\selenium-remote-driver\4.3.0\selenium-remote-driver-4.3.0.jar;C:\Users\anurag.chaturvedi\.m2\repository\io\netty\netty-buffer\4.1.78.Final\netty-buffer-4.1.78.Final.jar;C:\Users\anurag.chaturvedi\.m2\repository\io\netty\netty-codec-http\4.1.78.Final\netty-codec-http-4.1.78.Final.jar;C:\Users\anurag.chaturvedi\.m2\repository\io\netty\netty-codec\4.1.78.Final\netty-codec-4.1.78.Final.jar;C:\Users\anurag.chaturvedi\.m2\repository\io\netty\netty-handler\4.1.78.Final\netty-handler-4.1.78.Final.jar;C:\Users\anurag.chaturvedi\.m2\repository\io\netty\netty-common\4.1.78.Final\netty-common-4.1.78.Final.jar;C:\Users\anurag.chaturvedi\.m2\repository\io\netty\netty-transport-classes-epoll\4.1.78.Final\netty-transport-classes-epoll-4.1.78.Final.jar;C:\Users\anurag.chaturvedi\.m2\repository\io\netty\netty-transport-classes-kqueue\4.1.78.Final\netty-transport-classes-kqueue-4.1.78.Final.jar;C:\Users\anurag.chaturvedi\.m2\repository\io\netty\netty-transport-native-epoll\4.1.78.Final\netty-transport-native-epoll-4.1.78.Final.jar;C:\Users\anurag.chaturvedi\.m2\repository\io\netty\netty-transport-native-kqueue\4.1.78.Final\netty-transport-native-kqueue-4.1.78.Final.jar;C:\Users\anurag.chaturvedi\.m2\repository\io\netty\netty-transport-native-unix-common\4.1.78.Final\netty-transport-native-unix-common-4.1.78.Final.jar;C:\Users\anurag.chaturvedi\.m2\repository\io\netty\netty-transport\4.1.78.Final\netty-transport-4.1.78.Final.jar;C:\Users\anurag.chaturvedi\.m2\repository\io\netty\netty-resolver\4.1.78.Final\netty-resolver-4.1.78.Final.jar;C:\Users\anurag.chaturvedi\.m2\repository\io\opentelemetry\opentelemetry-api\1.15.0\opentelemetry-api-1.15.0.jar;C:\Users\anurag.chaturvedi\.m2\repository\io\opentelemetry\opentelemetry-context\1.15.0\opentelemetry-context-1.15.0.jar;C:\Users\anurag.chaturvedi\.m2\repository\io\opentelemetry\opentelemetry-exporter-logging\1.15.0\opentelemetry-exporter-logging-1.15.0.jar;C:\Users\anurag.chaturvedi\.m2\repository\io\opentelemetry\opentelemetry-sdk-metrics\1.15.0\opentelemetry-sdk-metrics-1.15.0.jar;C:\Users\anurag.chaturvedi\.m2\repository\io\opentelemetry\opentelemetry-sdk-logs\1.15.0-alpha\opentelemetry-sdk-logs-1.15.0-alpha.jar;C:\Users\anurag.chaturvedi\.m2\repository\io\opentelemetry\opentelemetry-sdk-common\1.15.0\opentelemetry-sdk-common-1.15.0.jar;C:\Users\anurag.chaturvedi\.m2\repository\io\opentelemetry\opentelemetry-sdk-extension-autoconfigure-spi\1.15.0\opentelemetry-sdk-extension-autoconfigure-spi-1.15.0.jar;C:\Users\anurag.chaturvedi\.m2\repository\io\opentelemetry\opentelemetry-sdk-extension-autoconfigure\1.15.0-alpha\opentelemetry-sdk-extension-autoconfigure-1.15.0-alpha.jar;C:\Users\anurag.chaturvedi\.m2\repository\io\opentelemetry\opentelemetry-sdk-trace\1.15.0\opentelemetry-sdk-trace-1.15.0.jar;C:\Users\anurag.chaturvedi\.m2\repository\io\opentelemetry\opentelemetry-sdk\1.15.0\opentelemetry-sdk-1.15.0.jar;C:\Users\anurag.chaturvedi\.m2\repository\io\opentelemetry\opentelemetry-semconv\1.15.0-alpha\opentelemetry-semconv-1.15.0-alpha.jar;C:\Users\anurag.chaturvedi\.m2\repository\io\ous\jtoml\2.0.0\jtoml-2.0.0.jar;C:\Users\anurag.chaturvedi\.m2\repository\net\bytebuddy\byte-buddy\1.12.10\byte-buddy-1.12.10.jar;C:\Users\anurag.chaturvedi\.m2\repository\org\apache\commons\commons-exec\1.3\commons-exec-1.3.jar;C:\Users\anurag.chaturvedi\.m2\repository\org\asynchttpclient\async-http-client\2.12.3\async-http-client-2.12.3.jar;C:\Users\anurag.chaturvedi\.m2\repository\org\asynchttpclient\async-http-client-netty-utils\2.12.3\async-http-client-netty-utils-2.12.3.jar;C:\Users\anurag.chaturvedi\.m2\repository\io\netty\netty-codec-socks\4.1.60.Final\netty-codec-socks-4.1.60.Final.jar;C:\Users\anurag.chaturvedi\.m2\repository\io\netty\netty-handler-proxy\4.1.60.Final\netty-handler-proxy-4.1.60.Final.jar;C:\Users\anurag.chaturvedi\.m2\repository\io\netty\netty-transport-native-epoll\4.1.60.Final\netty-transport-native-epoll-4.1.60.Final-linux-x86_64.jar;C:\Users\anurag.chaturvedi\.m2\repository\io\netty\netty-transport-native-kqueue\4.1.60.Final\netty-transport-native-kqueue-4.1.60.Final-osx-x86_64.jar;C:\Users\anurag.chaturvedi\.m2\repository\org\reactivestreams\reactive-streams\1.0.3\reactive-streams-1.0.3.jar;C:\Users\anurag.chaturvedi\.m2\repository\com\typesafe\netty\netty-reactive-streams\2.0.4\netty-reactive-streams-2.0.4.jar;C:\Users\anurag.chaturvedi\.m2\repository\com\sun\activation\jakarta.activation\1.2.2\jakarta.activation-1.2.2.jar;C:\Users\anurag.chaturvedi\.m2\repository\org\seleniumhq\selenium\selenium-http\4.3.0\selenium-http-4.3.0.jar;C:\Users\anurag.chaturvedi\.m2\repository\dev\failsafe\failsafe\3.2.4\failsafe-3.2.4.jar;C:\Users\anurag.chaturvedi\.m2\repository\org\seleniumhq\selenium\selenium-safari-driver\4.3.0\selenium-safari-driver-4.3.0.jar;C:\Users\anurag.chaturvedi\.m2\repository\org\seleniumhq\selenium\selenium-support\4.3.0\selenium-support-4.3.0.jar;C:\Users\anurag.chaturvedi\.m2\repository\telus\bt\automation\telus-test-selenium-ui-core\6.2-SNAPSHOT\telus-test-selenium-ui-core-6.2-SNAPSHOT.jar;C:\Users\anurag.chaturvedi\.m2\repository\javax\mail\javax.mail-api\1.4.7\javax.mail-api-1.4.7.jar;C:\Users\anurag.chaturvedi\.m2\repository\javax\activation\activation\1.1.1\activation-1.1.1.jar;C:\Users\anurag.chaturvedi\.m2\repository\com\sun\mail\javax.mail\1.6.2\javax.mail-1.6.2.jar;C:\Users\anurag.chaturvedi\.m2\repository\org\slf4j\slf4j-jdk14\1.7.25\slf4j-jdk14-1.7.25.jar;C:\Users\anurag.chaturvedi\.m2\repository\org\apache\logging\log4j\log4j-api\2.17.1\log4j-api-2.17.1.jar;C:\Users\anurag.chaturvedi\.m2\repository\org\apache\logging\log4j\log4j-slf4j-impl\2.17.2\log4j-slf4j-impl-2.17.2.jar;C:\Users\anurag.chaturvedi\.m2\repository\org\apache\logging\log4j\log4j-core\2.17.1\log4j-core-2.17.1.jar;C:\Users\anurag.chaturvedi\.m2\repository\com\github\stephenc\monte\monte-screen-recorder\0.7.7.0\monte-screen-recorder-0.7.7.0.jar;C:\Users\anurag.chaturvedi\.m2\repository\com\github\2gis\winium\winium-webdriver\0.1.0-1\winium-webdriver-0.1.0-1.jar;C:\Users\anurag.chaturvedi\.m2\repository\ru\yandex\qatools\ashot\ashot\1.5.4\ashot-1.5.4.jar;C:\Users\anurag.chaturvedi\.m2\repository\org\hamcrest\hamcrest-core\1.3\hamcrest-core-1.3.jar;C:\Users\anurag.chaturvedi\.m2\repository\com\github\detro\ghostdriver\phantomjsdriver\1.0.1\phantomjsdriver-1.0.1.jar;C:\Users\anurag.chaturvedi\.m2\repository\org\seleniumhq\selenium\selenium-server\2.28.0\selenium-server-2.28.0.jar;C:\Users\anurag.chaturvedi\.m2\repository\org\bouncycastle\bcprov-jdk15on\1.47\bcprov-jdk15on-1.47.jar;C:\Users\anurag.chaturvedi\.m2\repository\org\bouncycastle\bcpkix-jdk15on\1.47\bcpkix-jdk15on-1.47.jar;C:\Users\anurag.chaturvedi\.m2\repository\mx4j\mx4j-tools\3.0.1\mx4j-tools-3.0.1.jar;C:\Users\anurag.chaturvedi\.m2\repository\org\mortbay\jetty\servlet-api-2.5\6.1.9\servlet-api-2.5-6.1.9.jar;C:\Users\anurag.chaturvedi\.m2\repository\org\seleniumhq\selenium\jetty-repacked\7.6.1\jetty-repacked-7.6.1.jar;C:\Users\anurag.chaturvedi\.m2\repository\net\jcip\jcip-annotations\1.0\jcip-annotations-1.0.jar;C:\Users\anurag.chaturvedi\.m2\repository\org\yaml\snakeyaml\1.8\snakeyaml-1.8.jar;C:\Users\anurag.chaturvedi\.m2\repository\com\github\2gis\winium\winium-elements-desktop\0.2.0-1\winium-elements-desktop-0.2.0-1.jar;C:\Users\anurag.chaturvedi\.m2\repository\com\google\guava\guava\31.1-jre\guava-31.1-jre.jar;C:\Users\anurag.chaturvedi\.m2\repository\com\google\guava\failureaccess\1.0.1\failureaccess-1.0.1.jar;C:\Users\anurag.chaturvedi\.m2\repository\com\google\guava\listenablefuture\9999.0-empty-to-avoid-conflict-with-guava\listenablefuture-9999.0-empty-to-avoid-conflict-with-guava.jar;C:\Users\anurag.chaturvedi\.m2\repository\com\google\code\findbugs\jsr305\3.0.2\jsr305-3.0.2.jar;C:\Users\anurag.chaturvedi\.m2\repository\org\checkerframework\checker-qual\3.12.0\checker-qual-3.12.0.jar;C:\Users\anurag.chaturvedi\.m2\repository\com\google\errorprone\error_prone_annotations\2.11.0\error_prone_annotations-2.11.0.jar;C:\Users\anurag.chaturvedi\.m2\repository\com\google\j2objc\j2objc-annotations\1.3\j2objc-annotations-1.3.jar;C:\Users\anurag.chaturvedi\.m2\repository\com\google\code\gson\gson\2.8.9\gson-2.8.9.jar;C:\Users\anurag.chaturvedi\.m2\repository\telus\bt\automation\telus-test-common-core\3.3-SNAPSHOT\telus-test-common-core-3.3-SNAPSHOT.jar;C:\Users\anurag.chaturvedi\.m2\repository\com\fasterxml\jackson\core\jackson-databind\2.12.7.1\jackson-databind-2.12.7.1.jar;C:\Users\anurag.chaturvedi\.m2\repository\com\fasterxml\jackson\core\jackson-annotations\2.12.7\jackson-annotations-2.12.7.jar;C:\Users\anurag.chaturvedi\.m2\repository\com\fasterxml\jackson\core\jackson-core\2.12.7\jackson-core-2.12.7.jar;C:\Users\anurag.chaturvedi\.m2\repository\com\fasterxml\jackson\datatype\jackson-datatype-jsr310\2.9.8\jackson-datatype-jsr310-2.9.8.jar;C:\Users\anurag.chaturvedi\.m2\repository\com\jcraft\jsch\0.1.54\jsch-0.1.54.jar;C:\Users\anurag.chaturvedi\.m2\repository\org\springframework\spring-jdbc\5.0.7.RELEASE\spring-jdbc-5.0.7.RELEASE.jar;C:\Users\anurag.chaturvedi\.m2\repository\org\springframework\spring-beans\5.0.7.RELEASE\spring-beans-5.0.7.RELEASE.jar;C:\Users\anurag.chaturvedi\.m2\repository\org\springframework\spring-core\5.0.7.RELEASE\spring-core-5.0.7.RELEASE.jar;C:\Users\anurag.chaturvedi\.m2\repository\org\springframework\spring-jcl\5.0.7.RELEASE\spring-jcl-5.0.7.RELEASE.jar;C:\Users\anurag.chaturvedi\.m2\repository\org\springframework\spring-tx\5.0.7.RELEASE\spring-tx-5.0.7.RELEASE.jar;C:\Users\anurag.chaturvedi\.m2\repository\com\aventstack\extentreports\5.0.9\extentreports-5.0.9.jar;C:\Users\anurag.chaturvedi\.m2\repository\io\reactivex\rxjava3\rxjava\3.0.4\rxjava-3.0.4.jar;C:\Users\anurag.chaturvedi\.m2\repository\org\freemarker\freemarker\2.3.30\freemarker-2.3.30.jar;C:\Users\anurag.chaturvedi\.m2\repository\tech\grasshopper\htmlextentreporter\1.0.1\htmlextentreporter-1.0.1.jar;C:\Users\anurag.chaturvedi\.m2\repository\com\oracle\database\jdbc\ojdbc8\12.2.0.1\ojdbc8-12.2.0.1.jar;C:\Users\anurag.chaturvedi\.m2\repository\com\oracle\database\jdbc\ucp\12.2.0.1\ucp-12.2.0.1.jar;C:\Users\anurag.chaturvedi\.m2\repository\com\oracle\database\security\oraclepki\12.2.0.1\oraclepki-12.2.0.1.jar;C:\Users\anurag.chaturvedi\.m2\repository\com\oracle\database\security\osdt_cert\12.2.0.1\osdt_cert-12.2.0.1.jar;C:\Users\anurag.chaturvedi\.m2\repository\com\oracle\database\security\osdt_core\12.2.0.1\osdt_core-12.2.0.1.jar;C:\Users\anurag.chaturvedi\.m2\repository\com\oracle\database\ha\simplefan\12.2.0.1\simplefan-12.2.0.1.jar;C:\Users\anurag.chaturvedi\.m2\repository\com\oracle\database\ha\ons\12.2.0.1\ons-12.2.0.1.jar;C:\Users\anurag.chaturvedi\.m2\repository\net\rcarz\jira-client\0.5\jira-client-0.5.jar;C:\Users\anurag.chaturvedi\.m2\repository\net\sf\json-lib\json-lib\2.4\json-lib-2.4-jdk15.jar;C:\Users\anurag.chaturvedi\.m2\repository\net\sf\ezmorph\ezmorph\1.0.6\ezmorph-1.0.6.jar;C:\Users\anurag.chaturvedi\.m2\repository\junit\junit\4.8.2\junit-4.8.2.jar;C:\Users\anurag.chaturvedi\.m2\repository\org\mockito\mockito-all\1.9.0\mockito-all-1.9.0.jar;C:\Users\anurag.chaturvedi\.m2\repository\commons-httpclient\commons-httpclient\3.1\commons-httpclient-3.1.jar;C:\Users\anurag.chaturvedi\.m2\repository\org\glassfish\jersey\core\jersey-client\2.8\jersey-client-2.8.jar;C:\Users\anurag.chaturvedi\.m2\repository\org\glassfish\jersey\core\jersey-common\2.8\jersey-common-2.8.jar;C:\Users\anurag.chaturvedi\.m2\repository\org\glassfish\jersey\bundles\repackaged\jersey-guava\2.8\jersey-guava-2.8.jar;C:\Users\anurag.chaturvedi\.m2\repository\org\glassfish\hk2\osgi-resource-locator\1.0.1\osgi-resource-locator-1.0.1.jar;C:\Users\anurag.chaturvedi\.m2\repository\javax\ws\rs\javax.ws.rs-api\2.0\javax.ws.rs-api-2.0.jar;C:\Users\anurag.chaturvedi\.m2\repository\org\glassfish\hk2\hk2-api\2.2.0\hk2-api-2.2.0.jar;C:\Users\anurag.chaturvedi\.m2\repository\org\glassfish\hk2\hk2-utils\2.2.0\hk2-utils-2.2.0.jar;C:\Users\anurag.chaturvedi\.m2\repository\org\glassfish\hk2\external\aopalliance-repackaged\2.2.0\aopalliance-repackaged-2.2.0.jar;C:\Users\anurag.chaturvedi\.m2\repository\org\glassfish\hk2\external\javax.inject\2.2.0\javax.inject-2.2.0.jar;C:\Users\anurag.chaturvedi\.m2\repository\org\glassfish\hk2\hk2-locator\2.2.0\hk2-locator-2.2.0.jar;C:\Users\anurag.chaturvedi\.m2\repository\org\javassist\javassist\3.18.1-GA\javassist-3.18.1-GA.jar;C:\Users\anurag.chaturvedi\.m2\repository\org\glassfish\jersey\media\jersey-media-json-jackson\2.8\jersey-media-json-jackson-2.8.jar;C:\Users\anurag.chaturvedi\.m2\repository\org\codehaus\jackson\jackson-core-asl\1.9.13\jackson-core-asl-1.9.13.jar;C:\Users\anurag.chaturvedi\.m2\repository\org\codehaus\jackson\jackson-mapper-asl\1.9.13\jackson-mapper-asl-1.9.13.jar;C:\Users\anurag.chaturvedi\.m2\repository\org\codehaus\jackson\jackson-jaxrs\1.9.13\jackson-jaxrs-1.9.13.jar;C:\Users\anurag.chaturvedi\.m2\repository\org\codehaus\jackson\jackson-xc\1.9.13\jackson-xc-1.9.13.jar;C:\Users\anurag.chaturvedi\.m2\repository\com\github\bogdanlivadariu\integrations\zapi\0.0.5\zapi-0.0.5.jar;C:\Users\anurag.chaturvedi\.m2\repository\org\codehaus\groovy\groovy-json\2.5.5\groovy-json-2.5.5.jar;C:\Users\anurag.chaturvedi\.m2\repository\org\codehaus\groovy\groovy\2.5.5\groovy-2.5.5.jar;C:\Users\anurag.chaturvedi\.m2\repository\com\itextpdf\itextpdf\5.5.13.3\itextpdf-5.5.13.3.jar;C:\Users\anurag.chaturvedi\.m2\repository\com\opencsv\opencsv\4.1\opencsv-4.1.jar;C:\Users\anurag.chaturvedi\.m2\repository\org\apache\commons\commons-text\1.1\commons-text-1.1.jar;C:\Users\anurag.chaturvedi\.m2\repository\commons-beanutils\commons-beanutils\1.9.3\commons-beanutils-1.9.3.jar;C:\Users\anurag.chaturvedi\.m2\repository\org\apache\pdfbox\jbig2-imageio\3.0.2\jbig2-imageio-3.0.2.jar;C:\Users\anurag.chaturvedi\.m2\repository\net\sourceforge\tess4j\tess4j\4.4.1\tess4j-4.4.1.jar;C:\Users\anurag.chaturvedi\.m2\repository\com\github\jai-imageio\jai-imageio-core\1.4.0\jai-imageio-core-1.4.0.jar;C:\Users\anurag.chaturvedi\.m2\repository\org\ghost4j\ghost4j\1.0.1\ghost4j-1.0.1.jar;C:\Users\anurag.chaturvedi\.m2\repository\log4j\log4j\1.2.17\log4j-1.2.17.jar;C:\Users\anurag.chaturvedi\.m2\repository\org\apache\xmlgraphics\xmlgraphics-commons\1.4\xmlgraphics-commons-1.4.jar;C:\Users\anurag.chaturvedi\.m2\repository\com\lowagie\itext\2.1.7\itext-2.1.7.jar;C:\Users\anurag.chaturvedi\.m2\repository\org\apache\pdfbox\pdfbox-tools\2.0.17\pdfbox-tools-2.0.17.jar;C:\Users\anurag.chaturvedi\.m2\repository\org\apache\pdfbox\pdfbox-debugger\2.0.17\pdfbox-debugger-2.0.17.jar;C:\Users\anurag.chaturvedi\.m2\repository\net\sourceforge\lept4j\lept4j\1.12.3\lept4j-1.12.3.jar;C:\Users\anurag.chaturvedi\.m2\repository\org\jboss\jboss-vfs\3.2.14.Final\jboss-vfs-3.2.14.Final.jar;C:\Users\anurag.chaturvedi\.m2\repository\org\jboss\logging\jboss-logging\3.1.4.GA\jboss-logging-3.1.4.GA.jar;C:\Users\anurag.chaturvedi\.m2\repository\ch\qos\logback\logback-classic\1.2.3\logback-classic-1.2.3.jar;C:\Users\anurag.chaturvedi\.m2\repository\ch\qos\logback\logback-core\1.2.3\logback-core-1.2.3.jar;C:\Users\anurag.chaturvedi\.m2\repository\org\slf4j\jul-to-slf4j\1.7.28\jul-to-slf4j-1.7.28.jar;C:\Users\anurag.chaturvedi\.m2\repository\org\slf4j\log4j-over-slf4j\1.7.28\log4j-over-slf4j-1.7.28.jar;C:\Users\anurag.chaturvedi\.m2\repository\org\jsoup\jsoup\1.15.3\jsoup-1.15.3.jar;C:\Users\anurag.chaturvedi\.m2\repository\com\google\cloud\google-cloud-secretmanager\2.12.0\google-cloud-secretmanager-2.12.0.jar;C:\Users\anurag.chaturvedi\.m2\repository\io\grpc\grpc-api\1.53.0\grpc-api-1.53.0.jar;C:\Users\anurag.chaturvedi\.m2\repository\io\grpc\grpc-context\1.53.0\grpc-context-1.53.0.jar;C:\Users\anurag.chaturvedi\.m2\repository\io\grpc\grpc-stub\1.53.0\grpc-stub-1.53.0.jar;C:\Users\anurag.chaturvedi\.m2\repository\io\grpc\grpc-protobuf\1.53.0\grpc-protobuf-1.53.0.jar;C:\Users\anurag.chaturvedi\.m2\repository\io\grpc\grpc-protobuf-lite\1.53.0\grpc-protobuf-lite-1.53.0.jar;C:\Users\anurag.chaturvedi\.m2\repository\com\google\api\api-common\2.6.2\api-common-2.6.2.jar;C:\Users\anurag.chaturvedi\.m2\repository\com\google\auto\value\auto-value-annotations\1.10.1\auto-value-annotations-1.10.1.jar;C:\Users\anurag.chaturvedi\.m2\repository\com\google\auto\value\auto-value\1.10.1\auto-value-1.10.1.jar;C:\Users\anurag.chaturvedi\.m2\repository\javax\annotation\javax.annotation-api\1.3.2\javax.annotation-api-1.3.2.jar;C:\Users\anurag.chaturvedi\.m2\repository\com\google\protobuf\protobuf-java\3.21.12\protobuf-java-3.21.12.jar;C:\Users\anurag.chaturvedi\.m2\repository\com\google\api\grpc\proto-google-common-protos\2.14.2\proto-google-common-protos-2.14.2.jar;C:\Users\anurag.chaturvedi\.m2\repository\com\google\api\grpc\proto-google-iam-v1\1.9.2\proto-google-iam-v1-1.9.2.jar;C:\Users\anurag.chaturvedi\.m2\repository\com\google\api\grpc\proto-google-cloud-secretmanager-v1\2.12.0\proto-google-cloud-secretmanager-v1-2.12.0.jar;C:\Users\anurag.chaturvedi\.m2\repository\com\google\api\grpc\proto-google-cloud-secretmanager-v1beta1\2.12.0\proto-google-cloud-secretmanager-v1beta1-2.12.0.jar;C:\Users\anurag.chaturvedi\.m2\repository\com\google\api\gax\2.23.2\gax-2.23.2.jar;C:\Users\anurag.chaturvedi\.m2\repository\com\google\auth\google-auth-library-credentials\1.16.0\google-auth-library-credentials-1.16.0.jar;C:\Users\anurag.chaturvedi\.m2\repository\io\opencensus\opencensus-api\0.31.1\opencensus-api-0.31.1.jar;C:\Users\anurag.chaturvedi\.m2\repository\com\google\auth\google-auth-library-oauth2-http\1.16.0\google-auth-library-oauth2-http-1.16.0.jar;C:\Users\anurag.chaturvedi\.m2\repository\com\google\api\gax-grpc\2.23.2\gax-grpc-2.23.2.jar;C:\Users\anurag.chaturvedi\.m2\repository\io\grpc\grpc-alts\1.53.0\grpc-alts-1.53.0.jar;C:\Users\anurag.chaturvedi\.m2\repository\io\grpc\grpc-grpclb\1.53.0\grpc-grpclb-1.53.0.jar;C:\Users\anurag.chaturvedi\.m2\repository\org\conscrypt\conscrypt-openjdk-uber\2.5.2\conscrypt-openjdk-uber-2.5.2.jar;C:\Users\anurag.chaturvedi\.m2\repository\io\grpc\grpc-auth\1.53.0\grpc-auth-1.53.0.jar;C:\Users\anurag.chaturvedi\.m2\repository\io\grpc\grpc-netty-shaded\1.53.0\grpc-netty-shaded-1.53.0.jar;C:\Users\anurag.chaturvedi\.m2\repository\io\perfmark\perfmark-api\0.26.0\perfmark-api-0.26.0.jar;C:\Users\anurag.chaturvedi\.m2\repository\io\grpc\grpc-core\1.53.0\grpc-core-1.53.0.jar;C:\Users\anurag.chaturvedi\.m2\repository\com\google\android\annotations\4.1.1.4\annotations-4.1.1.4.jar;C:\Users\anurag.chaturvedi\.m2\repository\org\codehaus\mojo\animal-sniffer-annotations\1.22\animal-sniffer-annotations-1.22.jar;C:\Users\anurag.chaturvedi\.m2\repository\io\grpc\grpc-googleapis\1.53.0\grpc-googleapis-1.53.0.jar;C:\Users\anurag.chaturvedi\.m2\repository\io\grpc\grpc-xds\1.53.0\grpc-xds-1.53.0.jar;C:\Users\anurag.chaturvedi\.m2\repository\io\opencensus\opencensus-proto\0.2.0\opencensus-proto-0.2.0.jar;C:\Users\anurag.chaturvedi\.m2\repository\io\grpc\grpc-services\1.53.0\grpc-services-1.53.0.jar;C:\Users\anurag.chaturvedi\.m2\repository\com\google\re2j\re2j\1.6\re2j-1.6.jar;C:\Users\anurag.chaturvedi\.m2\repository\com\google\api\gax-httpjson\0.108.2\gax-httpjson-0.108.2.jar;C:\Users\anurag.chaturvedi\.m2\repository\com\google\http-client\google-http-client\1.43.0\google-http-client-1.43.0.jar;C:\Users\anurag.chaturvedi\.m2\repository\org\apache\httpcomponents\httpcore\4.4.16\httpcore-4.4.16.jar;C:\Users\anurag.chaturvedi\.m2\repository\io\opencensus\opencensus-contrib-http-util\0.31.1\opencensus-contrib-http-util-0.31.1.jar;C:\Users\anurag.chaturvedi\.m2\repository\com\google\http-client\google-http-client-gson\1.43.0\google-http-client-gson-1.43.0.jar;C:\Users\anurag.chaturvedi\.m2\repository\com\google\protobuf\protobuf-java-util\3.21.12\protobuf-java-util-3.21.12.jar;C:\Users\anurag.chaturvedi\.m2\repository\org\threeten\threetenbp\1.6.5\threetenbp-1.6.5.jar;C:\Users\anurag.chaturvedi\.m2\repository\io\rest-assured\rest-assured\5.2.1\rest-assured-5.2.1.jar;C:\Users\anurag.chaturvedi\.m2\repository\org\apache\groovy\groovy\4.0.1\groovy-4.0.1.jar;C:\Users\anurag.chaturvedi\.m2\repository\org\apache\groovy\groovy-xml\4.0.1\groovy-xml-4.0.1.jar;C:\Users\anurag.chaturvedi\.m2\repository\org\hamcrest\hamcrest\2.1\hamcrest-2.1.jar;C:\Users\anurag.chaturvedi\.m2\repository\org\ccil\cowan\tagsoup\tagsoup\1.2.1\tagsoup-1.2.1.jar;C:\Users\anurag.chaturvedi\.m2\repository\io\rest-assured\json-path\5.2.1\json-path-5.2.1.jar;C:\Users\anurag.chaturvedi\.m2\repository\org\apache\groovy\groovy-json\4.0.1\groovy-json-4.0.1.jar;C:\Users\anurag.chaturvedi\.m2\repository\io\rest-assured\rest-assured-common\5.2.1\rest-assured-common-5.2.1.jar;C:\Users\anurag.chaturvedi\.m2\repository\io\rest-assured\xml-path\5.2.1\xml-path-5.2.1.jar;C:\Users\anurag.chaturvedi\.m2\repository\com\epam\reportportal\agent-java-testng\5.2.0\agent-java-testng-5.2.0.jar;C:\Users\anurag.chaturvedi\.m2\repository\com\epam\reportportal\client-java\5.1.17\client-java-5.1.17.jar;C:\Users\anurag.chaturvedi\.m2\repository\io\reactivex\rxjava2\rxjava\2.2.10\rxjava-2.2.10.jar;C:\Users\anurag.chaturvedi\.m2\repository\com\squareup\retrofit2\retrofit\2.9.0\retrofit-2.9.0.jar;C:\Users\anurag.chaturvedi\.m2\repository\com\squareup\okhttp3\okhttp\3.14.9\okhttp-3.14.9.jar;C:\Users\anurag.chaturvedi\.m2\repository\com\squareup\okio\okio\1.17.2\okio-1.17.2.jar;C:\Users\anurag.chaturvedi\.m2\repository\org\aspectj\aspectjrt\1.9.2\aspectjrt-1.9.2.jar;C:\Users\anurag.chaturvedi\.m2\repository\com\squareup\retrofit2\converter-scalars\2.9.0\converter-scalars-2.9.0.jar;C:\Users\anurag.chaturvedi\.m2\repository\com\squareup\retrofit2\converter-jackson\2.9.0\converter-jackson-2.9.0.jar;C:\Users\anurag.chaturvedi\.m2\repository\com\squareup\retrofit2\adapter-rxjava2\2.9.0\adapter-rxjava2-2.9.0.jar;C:\Users\anurag.chaturvedi\.m2\repository\com\squareup\okhttp3\logging-interceptor\3.14.9\logging-interceptor-3.14.9.jar;C:\Users\anurag.chaturvedi\.m2\repository\org\aspectj\aspectjweaver\1.9.2\aspectjweaver-1.9.2.jar;C:\Users\anurag.chaturvedi\.m2\repository\com\epam\reportportal\commons-model\5.0.0\commons-model-5.0.0.jar;C:\Users\anurag.chaturvedi\.m2\repository\io\swagger\swagger-annotations\1.5.24\swagger-annotations-1.5.24.jar;C:\Users\anurag.chaturvedi\.m2\repository\javax\validation\validation-api\2.0.1.Final\validation-api-2.0.1.Final.jar;C:\Users\anurag.chaturvedi\.m2\repository\com\epam\reportportal\logger-java-log4j\5.1.6\logger-java-log4j-5.1.6.jar;C:\Users\anurag.chaturvedi\.m2\repository\io\cucumber\cucumber-java\7.1.0\cucumber-java-7.1.0.jar;C:\Users\anurag.chaturvedi\.m2\repository\io\cucumber\cucumber-core\7.1.0\cucumber-core-7.1.0.jar;C:\Users\anurag.chaturvedi\.m2\repository\io\cucumber\messages\17.1.1\messages-17.1.1.jar;C:\Users\anurag.chaturvedi\.m2\repository\io\cucumber\tag-expressions\4.1.0\tag-expressions-4.1.0.jar;C:\Users\anurag.chaturvedi\.m2\repository\io\cucumber\cucumber-expressions\13.0.1\cucumber-expressions-13.0.1.jar;C:\Users\anurag.chaturvedi\.m2\repository\io\cucumber\datatable\7.1.0\datatable-7.1.0.jar;C:\Users\anurag.chaturvedi\.m2\repository\io\cucumber\docstring\7.1.0\docstring-7.1.0.jar;C:\Users\anurag.chaturvedi\.m2\repository\io\cucumber\html-formatter\17.0.0\html-formatter-17.0.0.jar;C:\Users\anurag.chaturvedi\.m2\repository\io\cucumber\create-meta\6.0.4\create-meta-6.0.4.jar;C:\Users\anurag.chaturvedi\.m2\repository\org\apiguardian\apiguardian-api\1.1.2\apiguardian-api-1.1.2.jar;C:\Users\anurag.chaturvedi\.m2\repository\io\cucumber\cucumber-testng\7.1.0\cucumber-testng-7.1.0.jar;C:\Users\anurag.chaturvedi\.m2\repository\io\cucumber\cucumber-jvm-deps\1.0.6\cucumber-jvm-deps-1.0.6.jar;C:\Users\anurag.chaturvedi\.m2\repository\net\masterthought\cucumber-reporting\5.6.1\cucumber-reporting-5.6.1.jar;C:\Users\anurag.chaturvedi\.m2\repository\org\apache\velocity\velocity-engine-core\2.3\velocity-engine-core-2.3.jar;C:\Users\anurag.chaturvedi\.m2\repository\commons-collections\commons-collections\3.2.2\commons-collections-3.2.2.jar;C:\Users\anurag.chaturvedi\.m2\repository\joda-time\joda-time\2.10.10\joda-time-2.10.10.jar;C:\Users\anurag.chaturvedi\.m2\repository\org\codehaus\plexus\plexus-utils\3.3.0\plexus-utils-3.3.0.jar;C:\Users\anurag.chaturvedi\.m2\repository\com\googlecode\owasp-java-html-sanitizer\owasp-java-html-sanitizer\20211018.2\owasp-java-html-sanitizer-20211018.2.jar;C:\Users\anurag.chaturvedi\.m2\repository\commons-configuration\commons-configuration\1.10\commons-configuration-1.10.jar;C:\Users\anurag.chaturvedi\.m2\repository\commons-lang\commons-lang\2.6\commons-lang-2.6.jar;C:\Users\anurag.chaturvedi\.m2\repository\io\cucumber\cucumber-gherkin\7.1.0\cucumber-gherkin-7.1.0.jar;C:\Users\anurag.chaturvedi\.m2\repository\io\cucumber\cucumber-plugin\7.1.0\cucumber-plugin-7.1.0.jar;C:\Users\anurag.chaturvedi\.m2\repository\io\cucumber\cucumber-gherkin-messages\7.1.0\cucumber-gherkin-messages-7.1.0.jar;C:\Users\anurag.chaturvedi\.m2\repository\io\cucumber\gherkin\22.0.0\gherkin-22.0.0.jar;C:\Users\anurag.chaturvedi\.m2\repository\tech\grasshopper\extent-pdf-report\2.6.0\extent-pdf-report-2.6.0.jar;C:\Users\anurag.chaturvedi\.m2\repository\tech\grasshopper\cucumber-pdf-report\2.9.0\cucumber-pdf-report-2.9.0.jar;C:\Users\anurag.chaturvedi\.m2\repository\org\knowm\xchart\xchart\3.8.0\xchart-3.8.0.jar;C:\Users\anurag.chaturvedi\.m2\repository\de\erichseifert\vectorgraphics2d\VectorGraphics2D\0.13\VectorGraphics2D-0.13.jar;C:\Users\anurag.chaturvedi\.m2\repository\de\rototor\pdfbox\graphics2d\0.30\graphics2d-0.30.jar;C:\Users\anurag.chaturvedi\.m2\repository\com\madgag\animated-gif-lib\1.4\animated-gif-lib-1.4.jar;C:\Users\anurag.chaturvedi\.m2\repository\tech\grasshopper\table-layout\1.5.1\table-layout-1.5.1.jar;C:\Users\anurag.chaturvedi\.m2\repository\tech\grasshopper\rest-assured-cucumber-pdf-report\1.4.1\rest-assured-cucumber-pdf-report-1.4.1.jar;C:\Users\anurag.chaturvedi\.m2\repository\org\projectlombok\lombok\1.18.18\lombok-1.18.18.jar;C:\Users\anurag.chaturvedi\.m2\repository\com\aventstack\klov-reporter\5.0.9\klov-reporter-5.0.9.jar;C:\Users\anurag.chaturvedi\.m2\repository\org\mongodb\mongodb-driver\3.6.4\mongodb-driver-3.6.4.jar;C:\Users\anurag.chaturvedi\.m2\repository\org\mongodb\mongodb-driver-core\3.6.4\mongodb-driver-core-3.6.4.jar;C:\Users\anurag.chaturvedi\.m2\repository\org\mongodb\bson\3.6.4\bson-3.6.4.jar;C:\Users\anurag.chaturvedi\.m2\repository\org\apache\httpcomponents\httpclient\4.5.13\httpclient-4.5.13.jar;C:\Users\anurag.chaturvedi\.m2\repository\org\apache\httpcomponents\httpmime\4.5.13\httpmime-4.5.13.jar;C:\Users\anurag.chaturvedi\.m2\repository\org\apache\pdfbox\pdfbox\2.0.24\pdfbox-2.0.24.jar;C:\Users\anurag.chaturvedi\.m2\repository\org\apache\pdfbox\fontbox\2.0.24\fontbox-2.0.24.jar;C:\Users\anurag.chaturvedi\.m2\repository\commons-logging\commons-logging\1.2\commons-logging-1.2.jar;C:\Users\anurag.chaturvedi\.m2\repository\org\testng\testng\7.4.0\testng-7.4.0.jar;C:\Users\anurag.chaturvedi\.m2\repository\com\beust\jcommander\1.78\jcommander-1.78.jar;C:\Users\anurag.chaturvedi\.m2\repository\org\webjars\jquery\3.5.1\jquery-3.5.1.jar;C:\Users\anurag.chaturvedi\.m2\repository\io\github\bonigarcia\webdrivermanager\5.1.0\webdrivermanager-5.1.0.jar;C:\Users\anurag.chaturvedi\.m2\repository\com\github\docker-java\docker-java\3.2.13\docker-java-3.2.13.jar;C:\Users\anurag.chaturvedi\.m2\repository\com\github\docker-java\docker-java-core\3.2.13\docker-java-core-3.2.13.jar;C:\Users\anurag.chaturvedi\.m2\repository\com\github\docker-java\docker-java-api\3.2.13\docker-java-api-3.2.13.jar;C:\Users\anurag.chaturvedi\.m2\repository\org\slf4j\jcl-over-slf4j\1.7.30\jcl-over-slf4j-1.7.30.jar;C:\Users\anurag.chaturvedi\.m2\repository\com\github\docker-java\docker-java-transport-httpclient5\3.2.13\docker-java-transport-httpclient5-3.2.13.jar;C:\Users\anurag.chaturvedi\.m2\repository\com\github\docker-java\docker-java-transport\3.2.13\docker-java-transport-3.2.13.jar;C:\Users\anurag.chaturvedi\.m2\repository\org\apache\httpcomponents\client5\httpclient5\5.0.3\httpclient5-5.0.3.jar;C:\Users\anurag.chaturvedi\.m2\repository\org\apache\httpcomponents\core5\httpcore5\5.0.2\httpcore5-5.0.2.jar;C:\Users\anurag.chaturvedi\.m2\repository\net\java\dev\jna\jna\5.8.0\jna-5.8.0.jar;C:\Users\anurag.chaturvedi\.m2\repository\org\brotli\dec\0.1.2\dec-0.1.2.jar;C:\Users\anurag.chaturvedi\.m2\repository\org\apache\commons\commons-lang3\3.12.0\commons-lang3-3.12.0.jar;C:\Users\anurag.chaturvedi\.m2\repository\io\qameta\allure\allure-testng\2.18.1\allure-testng-2.18.1.jar;C:\Users\anurag.chaturvedi\.m2\repository\io\qameta\allure\allure-java-commons\2.18.1\allure-java-commons-2.18.1.jar;C:\Users\anurag.chaturvedi\.m2\repository\io\qameta\allure\allure-model\2.18.1\allure-model-2.18.1.jar;C:\Users\anurag.chaturvedi\.m2\repository\io\qameta\allure\allure-test-filter\2.18.1\allure-test-filter-2.18.1.jar;C:\Users\anurag.chaturvedi\.m2\repository\org\slf4j\slf4j-api\1.7.16\slf4j-api-1.7.16.jar;C:\Users\anurag.chaturvedi\.m2\repository\org\slf4j\slf4j-simple\1.7.16\slf4j-simple-1.7.16.jar;C:\Users\anurag.chaturvedi\.m2\repository\org\json\json\20220924\json-20220924.jar;C:\Users\anurag.chaturvedi\.m2\repository\org\apache\clerezza\ext\org.json.simple\0.4\org.json.simple-0.4.jar;C:\Users\anurag.chaturvedi\.m2\repository\com\googlecode\json-simple\json-simple\1.1\json-simple-1.1.jar;C:\Users\anurag.chaturvedi\.m2\repository\org\apache\poi\poi\5.2.3\poi-5.2.3.jar;C:\Users\anurag.chaturvedi\.m2\repository\commons-codec\commons-codec\1.15\commons-codec-1.15.jar;C:\Users\anurag.chaturvedi\.m2\repository\org\apache\commons\commons-collections4\4.4\commons-collections4-4.4.jar;C:\Users\anurag.chaturvedi\.m2\repository\org\apache\commons\commons-math3\3.6.1\commons-math3-3.6.1.jar;C:\Users\anurag.chaturvedi\.m2\repository\commons-io\commons-io\2.11.0\commons-io-2.11.0.jar;C:\Users\anurag.chaturvedi\.m2\repository\com\zaxxer\SparseBitSet\1.2\SparseBitSet-1.2.jar;C:\Users\anurag.chaturvedi\.m2\repository\org\apache\poi\poi-ooxml\5.2.3\poi-ooxml-5.2.3.jar;C:\Users\anurag.chaturvedi\.m2\repository\org\apache\poi\poi-ooxml-lite\5.2.3\poi-ooxml-lite-5.2.3.jar;C:\Users\anurag.chaturvedi\.m2\repository\org\apache\xmlbeans\xmlbeans\5.1.1\xmlbeans-5.1.1.jar;C:\Users\anurag.chaturvedi\.m2\repository\xml-apis\xml-apis\1.4.01\xml-apis-1.4.01.jar;C:\Users\anurag.chaturvedi\.m2\repository\org\apache\commons\commons-compress\1.21\commons-compress-1.21.jar;C:\Users\anurag.chaturvedi\.m2\repository\com\github\virtuald\curvesapi\1.07\curvesapi-1.07.jar;C:\Users\anurag.chaturvedi\.m2\repository\org\apache\poi\poi-ooxml-schemas\4.1.2\poi-ooxml-schemas-4.1.2.jar;"/>
    <property name="sun.cpu.endian" value="little"/>
    <property name="user.home" value="C:\Users\anurag.chaturvedi"/>
    <property name="user.language" value="en"/>
    <property name="java.specification.vendor" value="Oracle Corporation"/>
    <property name="java.home" value="C:\Program Files\Eclipse Adoptium\jdk-8.0.372.7-hotspot\jre"/>
    <property name="basedir" value="C:\Users\anurag.chaturvedi\Documents\shop-automation\telus-manage-dormant"/>
    <property name="file.separator" value="\"/>
    <property name="line.separator" value="&#10;"/>
    <property name="java.vm.specification.vendor" value="Oracle Corporation"/>
    <property name="java.specification.name" value="Java Platform API Specification"/>
    <property name="java.awt.graphicsenv" value="sun.awt.Win32GraphicsEnvironment"/>
    <property name="surefire.real.class.path" value="C:\Users\anurag.chaturvedi\AppData\Local\Temp\surefire6485061525172364886\surefirebooter9211729528573928820.jar;C:\Users\anurag.chaturvedi\.m2\repository/org/aspectj/aspectjweaver/1.9.2/aspectjweaver-1.9.2.jar"/>
    <property name="sun.boot.class.path" value="C:\Program Files\Eclipse Adoptium\jdk-8.0.372.7-hotspot\jre\lib\resources.jar;C:\Program Files\Eclipse Adoptium\jdk-8.0.372.7-hotspot\jre\lib\rt.jar;C:\Program Files\Eclipse Adoptium\jdk-8.0.372.7-hotspot\jre\lib\sunrsasign.jar;C:\Program Files\Eclipse Adoptium\jdk-8.0.372.7-hotspot\jre\lib\jsse.jar;C:\Program Files\Eclipse Adoptium\jdk-8.0.372.7-hotspot\jre\lib\jce.jar;C:\Program Files\Eclipse Adoptium\jdk-8.0.372.7-hotspot\jre\lib\charsets.jar;C:\Program Files\Eclipse Adoptium\jdk-8.0.372.7-hotspot\jre\lib\jfr.jar;C:\Program Files\Eclipse Adoptium\jdk-8.0.372.7-hotspot\jre\classes"/>
    <property name="user.script" value=""/>
    <property name="sun.management.compiler" value="HotSpot 64-Bit Tiered Compilers"/>
    <property name="java.runtime.version" value="1.8.0_372-b07"/>
    <property name="user.name" value="anurag.chaturvedi"/>
    <property name="path.separator" value=";"/>
    <property name="os.version" value="10.0"/>
    <property name="java.endorsed.dirs" value="C:\Program Files\Eclipse Adoptium\jdk-8.0.372.7-hotspot\jre\lib\endorsed"/>
    <property name="java.runtime.name" value="OpenJDK Runtime Environment"/>
    <property name="file.encoding" value="Cp1252"/>
    <property name="java.vm.name" value="OpenJDK 64-Bit Server VM"/>
    <property name="localRepository" value="C:\Users\anurag.chaturvedi\.m2\repository"/>
    <property name="java.vendor.url.bug" value="https://github.com/adoptium/adoptium-support/issues"/>
    <property name="java.io.tmpdir" value="C:\Users\ANURAG~1.CHA\AppData\Local\Temp\"/>
    <property name="java.version" value="1.8.0_372"/>
    <property name="user.dir" value="C:\Users\anurag.chaturvedi\Documents\shop-automation\telus-manage-dormant"/>
    <property name="os.arch" value="amd64"/>
    <property name="java.vm.specification.name" value="Java Virtual Machine Specification"/>
    <property name="java.awt.printerjob" value="sun.awt.windows.WPrinterJob"/>
    <property name="sun.os.patch.level" value=""/>
    <property name="java.library.path" value="C:\Program Files\Eclipse Adoptium\jdk-8.0.372.7-hotspot\jre\bin;C:\Windows\Sun\Java\bin;C:\Windows\system32;C:\Windows;C:\Program Files\Eclipse Adoptium\jdk-8.0.372.7-hotspot\bin;C:\Windows\system32;C:\Windows;C:\Windows\System32\Wbem;C:\Windows\System32\WindowsPowerShell\v1.0\;C:\Windows\System32\OpenSSH\;C:\Program Files (x86)\dotnet\;C:\Program Files (x86)\Symantec\VIP Access Client\;C:\apache-maven-3.8.6\bin;C:\Users\anurag.chaturvedi\AppData\Local\Microsoft\WindowsApps;C:\Users\anurag.chaturvedi\AppData\Local\Programs\Git\cmd;C:\Users\anurag.chaturvedi\AppData\Local\GitHubDesktop\bin;C:\Users\anurag.chaturvedi\AppData\Local\Programs\Git LFS;."/>
    <property name="java.vm.info" value="mixed mode"/>
    <property name="java.vendor" value="Temurin"/>
    <property name="java.vm.version" value="25.372-b07"/>
    <property name="java.specification.maintenance.version" value="4"/>
    <property name="java.ext.dirs" value="C:\Program Files\Eclipse Adoptium\jdk-8.0.372.7-hotspot\jre\lib\ext;C:\Windows\Sun\Java\lib\ext"/>
    <property name="sun.io.unicode.encoding" value="UnicodeLittle"/>
    <property name="java.class.version" value="52.0"/>
  </properties>
  <testcase name="active_user[perftestuser4, Passw0rd](1)" classname="com.telus.manage.dormantUser" time="45.682">
    <system-err><![CDATA[SLF4J: Class path contains multiple SLF4J bindings.
SLF4J: Found binding in [jar:file:/C:/Users/anurag.chaturvedi/.m2/repository/org/slf4j/slf4j-jdk14/1.7.25/slf4j-jdk14-1.7.25.jar!/org/slf4j/impl/StaticLoggerBinder.class]
SLF4J: Found binding in [jar:file:/C:/Users/anurag.chaturvedi/.m2/repository/org/apache/logging/log4j/log4j-slf4j-impl/2.17.2/log4j-slf4j-impl-2.17.2.jar!/org/slf4j/impl/StaticLoggerBinder.class]
SLF4J: Found binding in [jar:file:/C:/Users/anurag.chaturvedi/.m2/repository/ch/qos/logback/logback-classic/1.2.3/logback-classic-1.2.3.jar!/org/slf4j/impl/StaticLoggerBinder.class]
SLF4J: Found binding in [jar:file:/C:/Users/anurag.chaturvedi/.m2/repository/org/slf4j/slf4j-simple/1.7.16/slf4j-simple-1.7.16.jar!/org/slf4j/impl/StaticLoggerBinder.class]
SLF4J: See http://www.slf4j.org/codes.html#multiple_bindings for an explanation.
SLF4J: Actual binding is of type [org.slf4j.impl.JDK14LoggerFactory]
log4j:WARN No such property [maxBackupIndex] in org.apache.log4j.ConsoleAppender.
log4j:WARN No such property [maxFileSize] in org.apache.log4j.ConsoleAppender.
log4j:WARN No such property [file] in org.apache.log4j.ConsoleAppender.
log4j:WARN No such property [append] in org.apache.log4j.ConsoleAppender.
Jun 02, 2023 7:59:32 PM io.github.bonigarcia.wdm.WebDriverManager resolveDriverVersion
INFO: Using chromedriver 114.0.5735.90 (resolved driver for Chrome 114)
Jun 02, 2023 7:59:32 PM io.github.bonigarcia.wdm.WebDriverManager exportDriver
INFO: Exporting webdriver.chrome.driver as C:\Users\anurag.chaturvedi\.cache\selenium\chromedriver\win32\114.0.5735.90\chromedriver.exe
Starting ChromeDriver 114.0.5735.90 (386bc09e8f4f2e025eddae123f36f6263096ae49-refs/branch-heads/5735@{#1052}) on port 51233
Only local connections are allowed.
Please see https://chromedriver.chromium.org/security-considerations for suggestions on keeping ChromeDriver safe.
ChromeDriver was started successfully.
Jun 02, 2023 7:59:37 PM org.openqa.selenium.remote.ProtocolHandshake createSession
INFO: Detected upstream dialect: W3C
Jun 02, 2023 7:59:37 PM org.openqa.selenium.devtools.CdpVersionFinder findNearestMatch
WARNING: Unable to find an exact match for CDP version 114, so returning the closest version found: a no-op implementation
Jun 02, 2023 7:59:37 PM org.openqa.selenium.devtools.CdpVersionFinder findNearestMatch
INFO: Unable to find CDP implementation matching 114.
Jun 02, 2023 7:59:37 PM org.openqa.selenium.chromium.ChromiumDriver lambda$new$3
WARNING: Unable to find version of CDP to use for . You may need to include a dependency on a specific version of the CDP using something similar to `org.seleniumhq.selenium:selenium-devtools-v86:4.3.0` where the version ("v86") matches the version of the chromium-based browser you're using and the version number of the artifact is the same as Selenium's.
]]></system-err>
  </testcase>
  <testcase name="active_user[perftestuser6, Passw0rd](2)" classname="com.telus.manage.dormantUser" time="44.39">
    <system-err><![CDATA[Jun 02, 2023 8:00:18 PM io.github.bonigarcia.wdm.WebDriverManager resolveDriverVersion
INFO: Using chromedriver 114.0.5735.90 (resolved driver for Chrome 114)
Jun 02, 2023 8:00:18 PM io.github.bonigarcia.wdm.WebDriverManager exportDriver
INFO: Exporting webdriver.chrome.driver as C:\Users\anurag.chaturvedi\.cache\selenium\chromedriver\win32\114.0.5735.90\chromedriver.exe
Starting ChromeDriver 114.0.5735.90 (386bc09e8f4f2e025eddae123f36f6263096ae49-refs/branch-heads/5735@{#1052}) on port 60138
Only local connections are allowed.
Please see https://chromedriver.chromium.org/security-considerations for suggestions on keeping ChromeDriver safe.
ChromeDriver was started successfully.
Jun 02, 2023 8:00:21 PM org.openqa.selenium.remote.ProtocolHandshake createSession
INFO: Detected upstream dialect: W3C
Jun 02, 2023 8:00:21 PM org.openqa.selenium.devtools.CdpVersionFinder findNearestMatch
WARNING: Unable to find an exact match for CDP version 114, so returning the closest version found: a no-op implementation
Jun 02, 2023 8:00:21 PM org.openqa.selenium.devtools.CdpVersionFinder findNearestMatch
INFO: Unable to find CDP implementation matching 114.
Jun 02, 2023 8:00:21 PM org.openqa.selenium.chromium.ChromiumDriver lambda$new$3
WARNING: Unable to find version of CDP to use for . You may need to include a dependency on a specific version of the CDP using something similar to `org.seleniumhq.selenium:selenium-devtools-v86:4.3.0` where the version ("v86") matches the version of the chromium-based browser you're using and the version number of the artifact is the same as Selenium's.
]]></system-err>
  </testcase>
  <testcase name="active_user[perftestuser9, Passw0rd](3)" classname="com.telus.manage.dormantUser" time="46.205">
    <system-err><![CDATA[Jun 02, 2023 8:01:04 PM io.github.bonigarcia.wdm.WebDriverManager resolveDriverVersion
INFO: Using chromedriver 114.0.5735.90 (resolved driver for Chrome 114)
Jun 02, 2023 8:01:04 PM io.github.bonigarcia.wdm.WebDriverManager exportDriver
INFO: Exporting webdriver.chrome.driver as C:\Users\anurag.chaturvedi\.cache\selenium\chromedriver\win32\114.0.5735.90\chromedriver.exe
Starting ChromeDriver 114.0.5735.90 (386bc09e8f4f2e025eddae123f36f6263096ae49-refs/branch-heads/5735@{#1052}) on port 49889
Only local connections are allowed.
Please see https://chromedriver.chromium.org/security-considerations for suggestions on keeping ChromeDriver safe.
ChromeDriver was started successfully.
Jun 02, 2023 8:01:07 PM org.openqa.selenium.remote.ProtocolHandshake createSession
INFO: Detected upstream dialect: W3C
Jun 02, 2023 8:01:07 PM org.openqa.selenium.devtools.CdpVersionFinder findNearestMatch
WARNING: Unable to find an exact match for CDP version 114, so returning the closest version found: a no-op implementation
Jun 02, 2023 8:01:07 PM org.openqa.selenium.devtools.CdpVersionFinder findNearestMatch
INFO: Unable to find CDP implementation matching 114.
Jun 02, 2023 8:01:07 PM org.openqa.selenium.chromium.ChromiumDriver lambda$new$3
WARNING: Unable to find version of CDP to use for . You may need to include a dependency on a specific version of the CDP using something similar to `org.seleniumhq.selenium:selenium-devtools-v86:4.3.0` where the version ("v86") matches the version of the chromium-based browser you're using and the version number of the artifact is the same as Selenium's.
]]></system-err>
  </testcase>
</testsuite>