<?xml version="1.0" encoding="UTF-8"?>
<!-- Generated by org.testng.reporters.JUnitReportReporter -->
<testsuite hostname="BA-000421981" failures="0" tests="1" name="com.telus.manage.dormantUser" time="0.000" errors="0" timestamp="2023-06-02T19:55:41 IST" skipped="1">
  <testcase classname="com.telus.manage.dormantUser" name="active_user" time="0.000">
    <skipped/>
  </testcase> <!-- active_user -->
  <system-out/>
</testsuite> <!-- com.telus.manage.dormantUser -->
