<?xml version="1.0" encoding="UTF-8"?>
<!-- Generated by org.testng.reporters.JUnitReportReporter -->
<testsuite skipped="0" hostname="BA-000421981" name="com.telus.manage.dormantUser" tests="3" failures="0" timestamp="2023-06-02T20:01:51 IST" time="139.279" errors="0">
  <testcase name="active_user" time="47.050" classname="com.telus.manage.dormantUser"/>
  <system-out/>
  <testcase name="active_user" time="45.405" classname="com.telus.manage.dormantUser"/>
  <system-out/>
  <testcase name="active_user" time="46.824" classname="com.telus.manage.dormantUser"/>
  <system-out/>
</testsuite> <!-- com.telus.manage.dormantUser -->
